2020-03-10 14:22:21.162 [info] <0.43.0> Application lager started on node nonode@nohost
2020-03-10 14:22:21.178 [info] <0.43.0> Application xmerl started on node nonode@nohost
2020-03-10 14:22:21.214 [info] <0.43.0> Application sasl started on node nonode@nohost
2020-03-10 14:22:21.232 [info] <0.43.0> Application tools started on node nonode@nohost
2020-03-10 14:22:21.239 [info] <0.43.0> Application jsx started on node nonode@nohost
2020-03-10 14:22:21.248 [info] <0.43.0> Application ranch started on node nonode@nohost
2020-03-10 14:22:21.251 [info] <0.43.0> Application recon started on node nonode@nohost
2020-03-10 14:22:21.299 [info] <0.43.0> Application credentials_obfuscation started on node nonode@nohost
2020-03-10 14:22:21.300 [info] <0.43.0> Application rabbit_common started on node nonode@nohost
2020-03-10 14:22:21.311 [info] <0.43.0> Application amqp_client started on node nonode@nohost
2020-03-10 14:22:21.312 [info] <0.43.0> Application amqp started on node nonode@nohost
2020-03-10 14:22:21.312 [error] <0.618.0>@Elixir.CarSimulator:start CRASH REPORT Process <0.618.0> with 0 neighbours exited with reason: call to undefined function 'Elixir.CarSimulator':start(normal, []) in application_master:init/4 line 138
2020-03-10 14:23:39.947 [info] <0.43.0> Application lager started on node nonode@nohost
2020-03-10 14:23:39.957 [info] <0.43.0> Application xmerl started on node nonode@nohost
2020-03-10 14:23:39.977 [info] <0.43.0> Application sasl started on node nonode@nohost
2020-03-10 14:23:39.984 [info] <0.43.0> Application tools started on node nonode@nohost
2020-03-10 14:23:39.986 [info] <0.43.0> Application jsx started on node nonode@nohost
2020-03-10 14:23:40.002 [info] <0.43.0> Application ranch started on node nonode@nohost
2020-03-10 14:23:40.004 [info] <0.43.0> Application recon started on node nonode@nohost
2020-03-10 14:23:40.044 [info] <0.43.0> Application credentials_obfuscation started on node nonode@nohost
2020-03-10 14:23:40.045 [info] <0.43.0> Application rabbit_common started on node nonode@nohost
2020-03-10 14:23:40.055 [info] <0.43.0> Application amqp_client started on node nonode@nohost
2020-03-10 14:23:40.059 [info] <0.43.0> Application amqp started on node nonode@nohost
2020-03-10 14:23:40.059 [info] <0.43.0> Application car_simulator started on node nonode@nohost
2020-03-10 14:23:54.540 [info] <0.43.0> Application lager started on node nonode@nohost
2020-03-10 14:23:54.582 [info] <0.43.0> Application xmerl started on node nonode@nohost
2020-03-10 14:23:54.616 [info] <0.43.0> Application sasl started on node nonode@nohost
2020-03-10 14:23:54.626 [info] <0.43.0> Application tools started on node nonode@nohost
2020-03-10 14:23:54.629 [info] <0.43.0> Application jsx started on node nonode@nohost
2020-03-10 14:23:54.642 [info] <0.43.0> Application ranch started on node nonode@nohost
2020-03-10 14:23:54.644 [info] <0.43.0> Application recon started on node nonode@nohost
2020-03-10 14:23:54.756 [info] <0.43.0> Application credentials_obfuscation started on node nonode@nohost
2020-03-10 14:23:54.756 [info] <0.43.0> Application rabbit_common started on node nonode@nohost
2020-03-10 14:23:54.783 [info] <0.43.0> Application amqp_client started on node nonode@nohost
2020-03-10 14:23:54.786 [info] <0.43.0> Application amqp started on node nonode@nohost
2020-03-10 14:23:54.793 [info] <0.43.0> Application car_simulator started on node nonode@nohost
2020-03-10 14:24:35.391 [info] <0.43.0> Application logger started on node nonode@nohost
2020-03-10 14:24:35.405 [info] <0.43.0> Application xmerl started on node nonode@nohost
2020-03-10 14:24:35.441 [info] <0.43.0> Application sasl started on node nonode@nohost
2020-03-10 14:24:35.454 [info] <0.43.0> Application tools started on node nonode@nohost
2020-03-10 14:24:35.457 [info] <0.43.0> Application jsx started on node nonode@nohost
2020-03-10 14:24:35.468 [info] <0.43.0> Application ranch started on node nonode@nohost
2020-03-10 14:24:35.472 [info] <0.43.0> Application recon started on node nonode@nohost
2020-03-10 14:24:35.547 [info] <0.43.0> Application credentials_obfuscation started on node nonode@nohost
2020-03-10 14:24:35.548 [info] <0.43.0> Application rabbit_common started on node nonode@nohost
2020-03-10 14:24:35.559 [info] <0.43.0> Application amqp_client started on node nonode@nohost
2020-03-10 14:24:35.564 [info] <0.43.0> Application amqp started on node nonode@nohost
2020-03-10 14:24:35.571 [info] <0.43.0> Application car_simulator started on node nonode@nohost
2020-03-10 14:29:48.680 [info] <0.43.0> Application logger started on node nonode@nohost
2020-03-10 14:29:48.684 [info] <0.43.0> Application poison started on node nonode@nohost
2020-03-10 14:29:48.690 [info] <0.43.0> Application jaxon started on node nonode@nohost
2020-03-10 14:29:48.698 [info] <0.43.0> Application gen_stage started on node nonode@nohost
2020-03-10 14:29:48.698 [info] <0.43.0> Application flow started on node nonode@nohost
2020-03-10 14:29:48.704 [info] <0.43.0> Application math started on node nonode@nohost
2020-03-10 14:29:48.727 [info] <0.43.0> Application unicode_util_compat started on node nonode@nohost
2020-03-10 14:29:48.728 [info] <0.43.0> Application idna started on node nonode@nohost
2020-03-10 14:29:48.737 [info] <0.43.0> Application mimerl started on node nonode@nohost
2020-03-10 14:29:48.740 [info] <0.43.0> Application certifi started on node nonode@nohost
2020-03-10 14:29:48.759 [info] <0.43.0> Application ssl_verify_fun started on node nonode@nohost
2020-03-10 14:29:48.771 [info] <0.43.0> Application metrics started on node nonode@nohost
2020-03-10 14:29:48.801 [info] <0.43.0> Application hackney started on node nonode@nohost
2020-03-10 14:29:48.801 [info] <0.43.0> Application httpoison started on node nonode@nohost
2020-03-10 14:29:48.809 [info] <0.43.0> Application vector started on node nonode@nohost
2020-03-10 14:29:48.809 [info] <0.43.0> Application polyline started on node nonode@nohost
2020-03-10 14:29:48.826 [info] <0.43.0> Application xmerl started on node nonode@nohost
2020-03-10 14:29:48.860 [info] <0.43.0> Application sasl started on node nonode@nohost
2020-03-10 14:29:48.870 [info] <0.43.0> Application tools started on node nonode@nohost
2020-03-10 14:29:48.873 [info] <0.43.0> Application jsx started on node nonode@nohost
2020-03-10 14:29:48.889 [info] <0.43.0> Application ranch started on node nonode@nohost
2020-03-10 14:29:48.896 [info] <0.43.0> Application recon started on node nonode@nohost
2020-03-10 14:29:48.960 [info] <0.43.0> Application credentials_obfuscation started on node nonode@nohost
2020-03-10 14:29:48.960 [info] <0.43.0> Application rabbit_common started on node nonode@nohost
2020-03-10 14:29:48.977 [info] <0.43.0> Application amqp_client started on node nonode@nohost
2020-03-10 14:29:48.982 [info] <0.43.0> Application amqp started on node nonode@nohost
2020-03-10 14:29:49.034 [error] <0.1140.0> gen_server <0.1140.0> terminated with reason: {'module could not be loaded',[{'Elixir.Address',random,[nil],[]},{'Elixir.Cars',generateRandomCar,2,[{file,"lib/cars.ex"},{line,3}]},{'Elixir.Flow.Materialize','-mapper/2-fun-3-',4,[{file,"lib/flow/materialize.ex"},{line,731}]},{'Elixir.Flow.Materialize','-mapper_ops/1-lists^foldl/2-0-',3,[{file,"lib/flow/materialize.ex"},{line,699}]},{'Elixir.Flow.Materialize','-mapper_ops/1-fun-1-',5,[{file,"lib/flow/materialize.ex"},{line,699}]},{'Elixir.Flow.MapReducer',handle_events,3,[{file,"lib/flow..."},...]},...]}
2020-03-10 14:30:08.067 [info] <0.43.0> Application logger started on node nonode@nohost
2020-03-10 14:30:08.071 [info] <0.43.0> Application poison started on node nonode@nohost
2020-03-10 14:30:08.075 [info] <0.43.0> Application jaxon started on node nonode@nohost
2020-03-10 14:30:08.083 [info] <0.43.0> Application gen_stage started on node nonode@nohost
2020-03-10 14:30:08.083 [info] <0.43.0> Application flow started on node nonode@nohost
2020-03-10 14:30:08.086 [info] <0.43.0> Application math started on node nonode@nohost
2020-03-10 14:30:08.098 [info] <0.43.0> Application unicode_util_compat started on node nonode@nohost
2020-03-10 14:30:08.099 [info] <0.43.0> Application idna started on node nonode@nohost
2020-03-10 14:30:08.105 [info] <0.43.0> Application mimerl started on node nonode@nohost
2020-03-10 14:30:08.108 [info] <0.43.0> Application certifi started on node nonode@nohost
2020-03-10 14:30:08.116 [info] <0.43.0> Application ssl_verify_fun started on node nonode@nohost
2020-03-10 14:30:08.123 [info] <0.43.0> Application metrics started on node nonode@nohost
2020-03-10 14:30:08.138 [info] <0.43.0> Application hackney started on node nonode@nohost
2020-03-10 14:30:08.139 [info] <0.43.0> Application httpoison started on node nonode@nohost
2020-03-10 14:30:08.144 [info] <0.43.0> Application vector started on node nonode@nohost
2020-03-10 14:30:08.144 [info] <0.43.0> Application polyline started on node nonode@nohost
2020-03-10 14:30:08.161 [info] <0.43.0> Application xmerl started on node nonode@nohost
2020-03-10 14:30:08.208 [info] <0.43.0> Application sasl started on node nonode@nohost
2020-03-10 14:30:08.221 [info] <0.43.0> Application tools started on node nonode@nohost
2020-03-10 14:30:08.223 [info] <0.43.0> Application jsx started on node nonode@nohost
2020-03-10 14:30:08.234 [info] <0.43.0> Application ranch started on node nonode@nohost
2020-03-10 14:30:08.238 [info] <0.43.0> Application recon started on node nonode@nohost
2020-03-10 14:30:08.300 [info] <0.43.0> Application credentials_obfuscation started on node nonode@nohost
2020-03-10 14:30:08.300 [info] <0.43.0> Application rabbit_common started on node nonode@nohost
2020-03-10 14:30:08.309 [info] <0.43.0> Application amqp_client started on node nonode@nohost
2020-03-10 14:30:08.313 [info] <0.43.0> Application amqp started on node nonode@nohost
2020-03-10 14:30:08.430 [error] <0.344.0>@Elixir.Address:random:2 gen_server <0.344.0> terminated with reason: no function clause matching 'Elixir.Address':random(nil) line 2
2020-03-10 14:30:39.997 [info] <0.43.0> Application logger started on node nonode@nohost
2020-03-10 14:30:40.002 [info] <0.43.0> Application poison started on node nonode@nohost
2020-03-10 14:30:40.008 [info] <0.43.0> Application jaxon started on node nonode@nohost
2020-03-10 14:30:40.015 [info] <0.43.0> Application gen_stage started on node nonode@nohost
2020-03-10 14:30:40.016 [info] <0.43.0> Application flow started on node nonode@nohost
2020-03-10 14:30:40.019 [info] <0.43.0> Application math started on node nonode@nohost
2020-03-10 14:30:40.034 [info] <0.43.0> Application unicode_util_compat started on node nonode@nohost
2020-03-10 14:30:40.034 [info] <0.43.0> Application idna started on node nonode@nohost
2020-03-10 14:30:40.043 [info] <0.43.0> Application mimerl started on node nonode@nohost
2020-03-10 14:30:40.047 [info] <0.43.0> Application certifi started on node nonode@nohost
2020-03-10 14:30:40.051 [info] <0.43.0> Application ssl_verify_fun started on node nonode@nohost
2020-03-10 14:30:40.057 [info] <0.43.0> Application metrics started on node nonode@nohost
2020-03-10 14:30:40.083 [info] <0.43.0> Application hackney started on node nonode@nohost
2020-03-10 14:30:40.084 [info] <0.43.0> Application httpoison started on node nonode@nohost
2020-03-10 14:30:40.091 [info] <0.43.0> Application vector started on node nonode@nohost
2020-03-10 14:30:40.091 [info] <0.43.0> Application polyline started on node nonode@nohost
2020-03-10 14:30:40.104 [info] <0.43.0> Application xmerl started on node nonode@nohost
2020-03-10 14:30:40.140 [info] <0.43.0> Application sasl started on node nonode@nohost
2020-03-10 14:30:40.154 [info] <0.43.0> Application tools started on node nonode@nohost
2020-03-10 14:30:40.158 [info] <0.43.0> Application jsx started on node nonode@nohost
2020-03-10 14:30:40.176 [info] <0.43.0> Application ranch started on node nonode@nohost
2020-03-10 14:30:40.180 [info] <0.43.0> Application recon started on node nonode@nohost
2020-03-10 14:30:40.247 [info] <0.43.0> Application credentials_obfuscation started on node nonode@nohost
2020-03-10 14:30:40.247 [info] <0.43.0> Application rabbit_common started on node nonode@nohost
2020-03-10 14:30:40.261 [info] <0.43.0> Application amqp_client started on node nonode@nohost
2020-03-10 14:30:40.265 [info] <0.43.0> Application amqp started on node nonode@nohost
2020-03-10 14:30:40.386 [error] <0.345.0>@Elixir.Address:random:2 gen_server <0.345.0> terminated with reason: no function clause matching 'Elixir.Address':random(nil) line 2
2020-03-10 14:31:25.815 [info] <0.43.0> Application logger started on node nonode@nohost
2020-03-10 14:31:25.822 [info] <0.43.0> Application poison started on node nonode@nohost
2020-03-10 14:31:25.826 [info] <0.43.0> Application jaxon started on node nonode@nohost
2020-03-10 14:31:25.834 [info] <0.43.0> Application gen_stage started on node nonode@nohost
2020-03-10 14:31:25.834 [info] <0.43.0> Application flow started on node nonode@nohost
2020-03-10 14:31:25.838 [info] <0.43.0> Application math started on node nonode@nohost
2020-03-10 14:31:25.862 [info] <0.43.0> Application unicode_util_compat started on node nonode@nohost
2020-03-10 14:31:25.862 [info] <0.43.0> Application idna started on node nonode@nohost
2020-03-10 14:31:25.870 [info] <0.43.0> Application mimerl started on node nonode@nohost
2020-03-10 14:31:25.873 [info] <0.43.0> Application certifi started on node nonode@nohost
2020-03-10 14:31:25.877 [info] <0.43.0> Application ssl_verify_fun started on node nonode@nohost
2020-03-10 14:31:25.881 [info] <0.43.0> Application metrics started on node nonode@nohost
2020-03-10 14:31:25.897 [info] <0.43.0> Application hackney started on node nonode@nohost
2020-03-10 14:31:25.897 [info] <0.43.0> Application httpoison started on node nonode@nohost
2020-03-10 14:31:25.904 [info] <0.43.0> Application vector started on node nonode@nohost
2020-03-10 14:31:25.904 [info] <0.43.0> Application polyline started on node nonode@nohost
2020-03-10 14:31:25.918 [info] <0.43.0> Application xmerl started on node nonode@nohost
2020-03-10 14:31:25.960 [info] <0.43.0> Application sasl started on node nonode@nohost
2020-03-10 14:31:25.969 [info] <0.43.0> Application tools started on node nonode@nohost
2020-03-10 14:31:25.972 [info] <0.43.0> Application jsx started on node nonode@nohost
2020-03-10 14:31:25.983 [info] <0.43.0> Application ranch started on node nonode@nohost
2020-03-10 14:31:25.986 [info] <0.43.0> Application recon started on node nonode@nohost
2020-03-10 14:31:26.048 [info] <0.43.0> Application credentials_obfuscation started on node nonode@nohost
2020-03-10 14:31:26.048 [info] <0.43.0> Application rabbit_common started on node nonode@nohost
2020-03-10 14:31:26.059 [info] <0.43.0> Application amqp_client started on node nonode@nohost
2020-03-10 14:31:26.062 [info] <0.43.0> Application amqp started on node nonode@nohost
2020-03-10 14:31:27.643 [error] <0.340.0> CRASH REPORT Process <0.340.0> with 0 neighbours exited with reason: #{'__exception__' => true,'__struct__' => 'Elixir.ArgumentError',message => <<"could not fetch application environment :amqp_host for application :engine because the application was not loaded/started. If your application depends on :engine at runtime, make sure to load/start it or list it under :extra_applications in your mix.exs file">>} in 'Elixir.Application':'fetch_env!'/2 line 653 in application_master:init/4 line 138
2020-03-10 14:32:10.350 [info] <0.43.0> Application logger started on node nonode@nohost
2020-03-10 14:32:10.355 [info] <0.43.0> Application poison started on node nonode@nohost
2020-03-10 14:32:10.360 [info] <0.43.0> Application jaxon started on node nonode@nohost
2020-03-10 14:32:10.408 [info] <0.43.0> Application gen_stage started on node nonode@nohost
2020-03-10 14:32:10.408 [info] <0.43.0> Application flow started on node nonode@nohost
2020-03-10 14:32:10.412 [info] <0.43.0> Application math started on node nonode@nohost
2020-03-10 14:32:10.433 [info] <0.43.0> Application unicode_util_compat started on node nonode@nohost
2020-03-10 14:32:10.433 [info] <0.43.0> Application idna started on node nonode@nohost
2020-03-10 14:32:10.439 [info] <0.43.0> Application mimerl started on node nonode@nohost
2020-03-10 14:32:10.444 [info] <0.43.0> Application certifi started on node nonode@nohost
2020-03-10 14:32:10.449 [info] <0.43.0> Application ssl_verify_fun started on node nonode@nohost
2020-03-10 14:32:10.459 [info] <0.43.0> Application metrics started on node nonode@nohost
2020-03-10 14:32:10.483 [info] <0.43.0> Application hackney started on node nonode@nohost
2020-03-10 14:32:10.483 [info] <0.43.0> Application httpoison started on node nonode@nohost
2020-03-10 14:32:10.491 [info] <0.43.0> Application vector started on node nonode@nohost
2020-03-10 14:32:10.491 [info] <0.43.0> Application polyline started on node nonode@nohost
2020-03-10 14:32:10.508 [info] <0.43.0> Application xmerl started on node nonode@nohost
2020-03-10 14:32:10.551 [info] <0.43.0> Application sasl started on node nonode@nohost
2020-03-10 14:32:10.562 [info] <0.43.0> Application tools started on node nonode@nohost
2020-03-10 14:32:10.568 [info] <0.43.0> Application jsx started on node nonode@nohost
2020-03-10 14:32:10.588 [info] <0.43.0> Application ranch started on node nonode@nohost
2020-03-10 14:32:10.593 [info] <0.43.0> Application recon started on node nonode@nohost
2020-03-10 14:32:10.644 [info] <0.43.0> Application credentials_obfuscation started on node nonode@nohost
2020-03-10 14:32:10.645 [info] <0.43.0> Application rabbit_common started on node nonode@nohost
2020-03-10 14:32:10.658 [info] <0.43.0> Application amqp_client started on node nonode@nohost
2020-03-10 14:32:10.663 [info] <0.43.0> Application amqp started on node nonode@nohost
2020-03-10 14:32:12.327 [error] <0.393.0> CRASH REPORT Process <0.393.0> with 0 neighbours exited with reason: #{'__exception__' => true,'__struct__' => 'Elixir.ArgumentError',message => <<"could not fetch application environment :amqp_host for application :engine because the application was not loaded/started. If your application depends on :engine at runtime, make sure to load/start it or list it under :extra_applications in your mix.exs file">>} in 'Elixir.Application':'fetch_env!'/2 line 653 in application_master:init/4 line 138
2020-03-10 14:33:03.301 [info] <0.43.0> Application logger started on node nonode@nohost
2020-03-10 14:33:03.304 [info] <0.43.0> Application poison started on node nonode@nohost
2020-03-10 14:33:03.307 [info] <0.43.0> Application jaxon started on node nonode@nohost
2020-03-10 14:33:03.317 [info] <0.43.0> Application gen_stage started on node nonode@nohost
2020-03-10 14:33:03.317 [info] <0.43.0> Application flow started on node nonode@nohost
2020-03-10 14:33:03.320 [info] <0.43.0> Application math started on node nonode@nohost
2020-03-10 14:33:03.335 [info] <0.43.0> Application unicode_util_compat started on node nonode@nohost
2020-03-10 14:33:03.336 [info] <0.43.0> Application idna started on node nonode@nohost
2020-03-10 14:33:03.344 [info] <0.43.0> Application mimerl started on node nonode@nohost
2020-03-10 14:33:03.348 [info] <0.43.0> Application certifi started on node nonode@nohost
2020-03-10 14:33:03.354 [info] <0.43.0> Application ssl_verify_fun started on node nonode@nohost
2020-03-10 14:33:03.361 [info] <0.43.0> Application metrics started on node nonode@nohost
2020-03-10 14:33:03.380 [info] <0.43.0> Application hackney started on node nonode@nohost
2020-03-10 14:33:03.380 [info] <0.43.0> Application httpoison started on node nonode@nohost
2020-03-10 14:33:03.393 [info] <0.43.0> Application vector started on node nonode@nohost
2020-03-10 14:33:03.393 [info] <0.43.0> Application polyline started on node nonode@nohost
2020-03-10 14:33:03.408 [info] <0.43.0> Application xmerl started on node nonode@nohost
2020-03-10 14:33:03.454 [info] <0.43.0> Application sasl started on node nonode@nohost
2020-03-10 14:33:03.470 [info] <0.43.0> Application tools started on node nonode@nohost
2020-03-10 14:33:03.474 [info] <0.43.0> Application jsx started on node nonode@nohost
2020-03-10 14:33:03.497 [info] <0.43.0> Application ranch started on node nonode@nohost
2020-03-10 14:33:03.503 [info] <0.43.0> Application recon started on node nonode@nohost
2020-03-10 14:33:03.572 [info] <0.43.0> Application credentials_obfuscation started on node nonode@nohost
2020-03-10 14:33:03.572 [info] <0.43.0> Application rabbit_common started on node nonode@nohost
2020-03-10 14:33:03.590 [info] <0.43.0> Application amqp_client started on node nonode@nohost
2020-03-10 14:33:03.594 [info] <0.43.0> Application amqp started on node nonode@nohost
2020-03-10 14:33:05.111 [error] <0.324.0> CRASH REPORT Process <0.324.0> with 0 neighbours exited with reason: #{'__exception__' => true,'__struct__' => 'Elixir.ArgumentError',message => <<"could not fetch application environment :amqp_host for application :engine because the application was not loaded/started. If your application depends on :engine at runtime, make sure to load/start it or list it under :extra_applications in your mix.exs file">>} in 'Elixir.Application':'fetch_env!'/2 line 653 in application_master:init/4 line 138
2020-03-10 14:33:38.616 [info] <0.43.0> Application logger started on node nonode@nohost
2020-03-10 14:33:38.621 [info] <0.43.0> Application poison started on node nonode@nohost
2020-03-10 14:33:38.624 [info] <0.43.0> Application jaxon started on node nonode@nohost
2020-03-10 14:33:38.631 [info] <0.43.0> Application gen_stage started on node nonode@nohost
2020-03-10 14:33:38.631 [info] <0.43.0> Application flow started on node nonode@nohost
2020-03-10 14:33:38.633 [info] <0.43.0> Application math started on node nonode@nohost
2020-03-10 14:33:38.647 [info] <0.43.0> Application unicode_util_compat started on node nonode@nohost
2020-03-10 14:33:38.647 [info] <0.43.0> Application idna started on node nonode@nohost
2020-03-10 14:33:38.652 [info] <0.43.0> Application mimerl started on node nonode@nohost
2020-03-10 14:33:38.657 [info] <0.43.0> Application certifi started on node nonode@nohost
2020-03-10 14:33:38.662 [info] <0.43.0> Application ssl_verify_fun started on node nonode@nohost
2020-03-10 14:33:38.666 [info] <0.43.0> Application metrics started on node nonode@nohost
2020-03-10 14:33:38.684 [info] <0.43.0> Application hackney started on node nonode@nohost
2020-03-10 14:33:38.684 [info] <0.43.0> Application httpoison started on node nonode@nohost
2020-03-10 14:33:38.691 [info] <0.43.0> Application vector started on node nonode@nohost
2020-03-10 14:33:38.692 [info] <0.43.0> Application polyline started on node nonode@nohost
2020-03-10 14:33:38.702 [info] <0.43.0> Application xmerl started on node nonode@nohost
2020-03-10 14:33:38.730 [info] <0.43.0> Application sasl started on node nonode@nohost
2020-03-10 14:33:38.741 [info] <0.43.0> Application tools started on node nonode@nohost
2020-03-10 14:33:38.745 [info] <0.43.0> Application jsx started on node nonode@nohost
2020-03-10 14:33:38.760 [info] <0.43.0> Application ranch started on node nonode@nohost
2020-03-10 14:33:38.765 [info] <0.43.0> Application recon started on node nonode@nohost
2020-03-10 14:33:38.824 [info] <0.43.0> Application credentials_obfuscation started on node nonode@nohost
2020-03-10 14:33:38.824 [info] <0.43.0> Application rabbit_common started on node nonode@nohost
2020-03-10 14:33:38.835 [info] <0.43.0> Application amqp_client started on node nonode@nohost
2020-03-10 14:33:38.839 [info] <0.43.0> Application amqp started on node nonode@nohost
2020-03-10 14:33:40.465 [error] <0.335.0> CRASH REPORT Process <0.335.0> with 0 neighbours exited with reason: #{'__exception__' => true,'__struct__' => 'Elixir.ArgumentError',message => <<"could not fetch application environment :amqp_host for application :carsimulator because the application was not loaded/started. If your application depends on :carsimulator at runtime, make sure to load/start it or list it under :extra_applications in your mix.exs file">>} in 'Elixir.Application':'fetch_env!'/2 line 653 in application_master:init/4 line 138
2020-03-10 14:33:49.132 [info] <0.43.0> Application logger started on node nonode@nohost
2020-03-10 14:33:49.136 [info] <0.43.0> Application poison started on node nonode@nohost
2020-03-10 14:33:49.141 [info] <0.43.0> Application jaxon started on node nonode@nohost
2020-03-10 14:33:49.150 [info] <0.43.0> Application gen_stage started on node nonode@nohost
2020-03-10 14:33:49.150 [info] <0.43.0> Application flow started on node nonode@nohost
2020-03-10 14:33:49.152 [info] <0.43.0> Application math started on node nonode@nohost
2020-03-10 14:33:49.164 [info] <0.43.0> Application unicode_util_compat started on node nonode@nohost
2020-03-10 14:33:49.165 [info] <0.43.0> Application idna started on node nonode@nohost
2020-03-10 14:33:49.169 [info] <0.43.0> Application mimerl started on node nonode@nohost
2020-03-10 14:33:49.172 [info] <0.43.0> Application certifi started on node nonode@nohost
2020-03-10 14:33:49.174 [info] <0.43.0> Application ssl_verify_fun started on node nonode@nohost
2020-03-10 14:33:49.178 [info] <0.43.0> Application metrics started on node nonode@nohost
2020-03-10 14:33:49.194 [info] <0.43.0> Application hackney started on node nonode@nohost
2020-03-10 14:33:49.195 [info] <0.43.0> Application httpoison started on node nonode@nohost
2020-03-10 14:33:49.199 [info] <0.43.0> Application vector started on node nonode@nohost
2020-03-10 14:33:49.199 [info] <0.43.0> Application polyline started on node nonode@nohost
2020-03-10 14:33:49.208 [info] <0.43.0> Application xmerl started on node nonode@nohost
2020-03-10 14:33:49.233 [info] <0.43.0> Application sasl started on node nonode@nohost
2020-03-10 14:33:49.241 [info] <0.43.0> Application tools started on node nonode@nohost
2020-03-10 14:33:49.243 [info] <0.43.0> Application jsx started on node nonode@nohost
2020-03-10 14:33:49.252 [info] <0.43.0> Application ranch started on node nonode@nohost
2020-03-10 14:33:49.255 [info] <0.43.0> Application recon started on node nonode@nohost
2020-03-10 14:33:49.309 [info] <0.43.0> Application credentials_obfuscation started on node nonode@nohost
2020-03-10 14:33:49.309 [info] <0.43.0> Application rabbit_common started on node nonode@nohost
2020-03-10 14:33:49.315 [info] <0.43.0> Application amqp_client started on node nonode@nohost
2020-03-10 14:33:49.318 [info] <0.43.0> Application amqp started on node nonode@nohost
2020-03-10 14:33:50.900 [error] <0.335.0> CRASH REPORT Process <0.335.0> with 0 neighbours exited with reason: #{'__exception__' => true,'__struct__' => 'Elixir.ArgumentError',message => <<"could not fetch application environment :amqp_host for application :CarSimulator because the application was not loaded/started. If your application depends on :CarSimulator at runtime, make sure to load/start it or list it under :extra_applications in your mix.exs file">>} in 'Elixir.Application':'fetch_env!'/2 line 653 in application_master:init/4 line 138
2020-03-10 14:34:01.343 [info] <0.43.0> Application logger started on node nonode@nohost
2020-03-10 14:34:01.349 [info] <0.43.0> Application poison started on node nonode@nohost
2020-03-10 14:34:01.353 [info] <0.43.0> Application jaxon started on node nonode@nohost
2020-03-10 14:34:01.362 [info] <0.43.0> Application gen_stage started on node nonode@nohost
2020-03-10 14:34:01.362 [info] <0.43.0> Application flow started on node nonode@nohost
2020-03-10 14:34:01.365 [info] <0.43.0> Application math started on node nonode@nohost
2020-03-10 14:34:01.391 [info] <0.43.0> Application unicode_util_compat started on node nonode@nohost
2020-03-10 14:34:01.392 [info] <0.43.0> Application idna started on node nonode@nohost
2020-03-10 14:34:01.399 [info] <0.43.0> Application mimerl started on node nonode@nohost
2020-03-10 14:34:01.401 [info] <0.43.0> Application certifi started on node nonode@nohost
2020-03-10 14:34:01.406 [info] <0.43.0> Application ssl_verify_fun started on node nonode@nohost
2020-03-10 14:34:01.411 [info] <0.43.0> Application metrics started on node nonode@nohost
2020-03-10 14:34:01.428 [info] <0.43.0> Application hackney started on node nonode@nohost
2020-03-10 14:34:01.428 [info] <0.43.0> Application httpoison started on node nonode@nohost
2020-03-10 14:34:01.435 [info] <0.43.0> Application vector started on node nonode@nohost
2020-03-10 14:34:01.435 [info] <0.43.0> Application polyline started on node nonode@nohost
2020-03-10 14:34:01.447 [info] <0.43.0> Application xmerl started on node nonode@nohost
2020-03-10 14:34:01.476 [info] <0.43.0> Application sasl started on node nonode@nohost
2020-03-10 14:34:01.486 [info] <0.43.0> Application tools started on node nonode@nohost
2020-03-10 14:34:01.490 [info] <0.43.0> Application jsx started on node nonode@nohost
2020-03-10 14:34:01.501 [info] <0.43.0> Application ranch started on node nonode@nohost
2020-03-10 14:34:01.504 [info] <0.43.0> Application recon started on node nonode@nohost
2020-03-10 14:34:01.558 [info] <0.43.0> Application credentials_obfuscation started on node nonode@nohost
2020-03-10 14:34:01.559 [info] <0.43.0> Application rabbit_common started on node nonode@nohost
2020-03-10 14:34:01.575 [info] <0.43.0> Application amqp_client started on node nonode@nohost
2020-03-10 14:34:01.579 [info] <0.43.0> Application amqp started on node nonode@nohost
