2020-03-10 14:22:21 =CRASH REPORT====
  crasher:
    initial call: application_master:init/4
    pid: <0.618.0>
    registered_name: []
    exception exit: {{bad_return,{{'Elixir.CarSimulator',start,[normal,[]]},{'EXIT',{undef,[{'Elixir.CarSimulator',start,[normal,[]],[]},{application_master,start_it_old,4,[{file,"application_master.erl"},{line,277}]}]}}}},[{application_master,init,4,[{file,"application_master.erl"},{line,138}]},{proc_lib,init_p_do_apply,3,[{file,"proc_lib.erl"},{line,249}]}]}
    ancestors: [<0.617.0>]
    message_queue_len: 1
    messages: [{'EXIT',<0.619.0>,normal}]
    links: [<0.617.0>,<0.43.0>]
    dictionary: []
    trap_exit: true
    status: running
    heap_size: 610
    stack_size: 27
    reductions: 238
  neighbours:
2020-03-10 14:29:49 =ERROR REPORT====
** Generic server <0.1140.0> terminating 
** Last message in was {'$gen_consumer',{<0.1137.0>,#Ref<0.2469736875.120324097.156474>},[1,5]}
** When Server state == {#{#Ref<0.2469736875.120324097.156474> => nil},#{'done?' => false,producers => #{#Ref<0.2469736875.120324097.156474> => <0.1137.0>},trigger => #Fun<Elixir.Flow.Window.Global.2.127884580>},{2,8},[],#Fun<Elixir.Flow.Materialize.32.5820767>}
** Reason for termination ==
** {'module could not be loaded',[{'Elixir.Address',random,[nil],[]},{'Elixir.Cars',generateRandomCar,2,[{file,"lib/cars.ex"},{line,3}]},{'Elixir.Flow.Materialize','-mapper/2-fun-3-',4,[{file,"lib/flow/materialize.ex"},{line,731}]},{'Elixir.Flow.Materialize','-mapper_ops/1-lists^foldl/2-0-',3,[{file,"lib/flow/materialize.ex"},{line,699}]},{'Elixir.Flow.Materialize','-mapper_ops/1-fun-1-',5,[{file,"lib/flow/materialize.ex"},{line,699}]},{'Elixir.Flow.MapReducer',handle_events,3,[{file,"lib/flow/map_reducer.ex"},{line,59}]},{'Elixir.GenStage',consumer_dispatch,6,[{file,"lib/gen_stage.ex"},{line,2395}]},{'Elixir.GenStage',take_pc_events,3,[{file,"lib/gen_stage.ex"},{line,2574}]}]}
2020-03-10 14:29:49 =CRASH REPORT====
  crasher:
    initial call: Elixir.GenStage:init/1
    pid: <0.1140.0>
    registered_name: []
    exception error: {undef,[{'Elixir.Address',random,[nil],[]},{'Elixir.Cars',generateRandomCar,2,[{file,"lib/cars.ex"},{line,3}]},{'Elixir.Flow.Materialize','-mapper/2-fun-3-',4,[{file,"lib/flow/materialize.ex"},{line,731}]},{'Elixir.Flow.Materialize','-mapper_ops/1-lists^foldl/2-0-',3,[{file,"lib/flow/materialize.ex"},{line,699}]},{'Elixir.Flow.Materialize','-mapper_ops/1-fun-1-',5,[{file,"lib/flow/materialize.ex"},{line,699}]},{'Elixir.Flow.MapReducer',handle_events,3,[{file,"lib/flow/map_reducer.ex"},{line,59}]},{'Elixir.GenStage',consumer_dispatch,6,[{file,"lib/gen_stage.ex"},{line,2395}]},{'Elixir.GenStage',take_pc_events,3,[{file,"lib/gen_stage.ex"},{line,2574}]}]}
    ancestors: [<0.1136.0>,<0.1135.0>,<0.1134.0>]
    message_queue_len: 1
    messages: [{'DOWN',#Ref<0.2469736875.120324097.156474>,process,<0.1137.0>,normal}]
    links: [<0.1136.0>]
    dictionary: []
    trap_exit: true
    status: running
    heap_size: 987
    stack_size: 27
    reductions: 7270
  neighbours:
2020-03-10 14:29:49 =ERROR REPORT====
** Generic server <0.1141.0> terminating 
** Last message in was {'$gen_consumer',{<0.1137.0>,#Ref<0.2469736875.120324097.156482>},[3,4]}
** When Server state == {#{#Ref<0.2469736875.120324097.156482> => nil},#{'done?' => false,producers => #{#Ref<0.2469736875.120324097.156482> => <0.1137.0>},trigger => #Fun<Elixir.Flow.Window.Global.2.127884580>},{3,8},[],#Fun<Elixir.Flow.Materialize.32.5820767>}
** Reason for termination ==
** {'module could not be loaded',[{'Elixir.Address',random,[nil],[]},{'Elixir.Cars',generateRandomCar,2,[{file,"lib/cars.ex"},{line,3}]},{'Elixir.Flow.Materialize','-mapper/2-fun-3-',4,[{file,"lib/flow/materialize.ex"},{line,731}]},{'Elixir.Flow.Materialize','-mapper_ops/1-lists^foldl/2-0-',3,[{file,"lib/flow/materialize.ex"},{line,699}]},{'Elixir.Flow.Materialize','-mapper_ops/1-fun-1-',5,[{file,"lib/flow/materialize.ex"},{line,699}]},{'Elixir.Flow.MapReducer',handle_events,3,[{file,"lib/flow/map_reducer.ex"},{line,59}]},{'Elixir.GenStage',consumer_dispatch,6,[{file,"lib/gen_stage.ex"},{line,2395}]},{'Elixir.GenStage',take_pc_events,3,[{file,"lib/gen_stage.ex"},{line,2574}]}]}
2020-03-10 14:29:49 =ERROR REPORT====
** Generic server <0.1142.0> terminating 
** Last message in was {'$gen_consumer',{<0.1137.0>,#Ref<0.2469736875.120324097.156490>},[2]}
** When Server state == {#{#Ref<0.2469736875.120324097.156490> => nil},#{'done?' => false,producers => #{#Ref<0.2469736875.120324097.156490> => <0.1137.0>},trigger => #Fun<Elixir.Flow.Window.Global.2.127884580>},{4,8},[],#Fun<Elixir.Flow.Materialize.32.5820767>}
** Reason for termination ==
** {'module could not be loaded',[{'Elixir.Address',random,[nil],[]},{'Elixir.Cars',generateRandomCar,2,[{file,"lib/cars.ex"},{line,3}]},{'Elixir.Flow.Materialize','-mapper/2-fun-3-',4,[{file,"lib/flow/materialize.ex"},{line,731}]},{'Elixir.Flow.Materialize','-mapper_ops/1-lists^foldl/2-0-',3,[{file,"lib/flow/materialize.ex"},{line,699}]},{'Elixir.Flow.Materialize','-mapper_ops/1-fun-1-',5,[{file,"lib/flow/materialize.ex"},{line,699}]},{'Elixir.Flow.MapReducer',handle_events,3,[{file,"lib/flow/map_reducer.ex"},{line,59}]},{'Elixir.GenStage',consumer_dispatch,6,[{file,"lib/gen_stage.ex"},{line,2395}]},{'Elixir.GenStage',take_pc_events,3,[{file,"lib/gen_stage.ex"},{line,2574}]}]}
2020-03-10 14:29:49 =SUPERVISOR REPORT====
     Supervisor: {<0.1136.0>,'Elixir.Supervisor.Default'}
     Context:    child_terminated
     Reason:     {undef,[{'Elixir.Address',random,[nil],[]},{'Elixir.Cars',generateRandomCar,2,[{file,"lib/cars.ex"},{line,3}]},{'Elixir.Flow.Materialize','-mapper/2-fun-3-',4,[{file,"lib/flow/materialize.ex"},{line,731}]},{'Elixir.Flow.Materialize','-mapper_ops/1-lists^foldl/2-0-',3,[{file,"lib/flow/materialize.ex"},{line,699}]},{'Elixir.Flow.Materialize','-mapper_ops/1-fun-1-',5,[{file,"lib/flow/materialize.ex"},{line,699}]},{'Elixir.Flow.MapReducer',handle_events,3,[{file,"lib/flow/map_reducer.ex"},{line,59}]},{'Elixir.GenStage',consumer_dispatch,6,[{file,"lib/gen_stage.ex"},{line,2395}]},{'Elixir.GenStage',take_pc_events,3,[{file,"lib/gen_stage.ex"},{line,2574}]}]}
     Offender:   [{pid,<0.1140.0>},{id,#Ref<0.2469736875.120324097.156471>},{mfargs,{'Elixir.GenStage',start_link,undefined}},{restart_type,temporary},{shutdown,5000},{child_type,worker}]

2020-03-10 14:29:49 =CRASH REPORT====
  crasher:
    initial call: Elixir.GenStage:init/1
    pid: <0.1141.0>
    registered_name: []
    exception error: {undef,[{'Elixir.Address',random,[nil],[]},{'Elixir.Cars',generateRandomCar,2,[{file,"lib/cars.ex"},{line,3}]},{'Elixir.Flow.Materialize','-mapper/2-fun-3-',4,[{file,"lib/flow/materialize.ex"},{line,731}]},{'Elixir.Flow.Materialize','-mapper_ops/1-lists^foldl/2-0-',3,[{file,"lib/flow/materialize.ex"},{line,699}]},{'Elixir.Flow.Materialize','-mapper_ops/1-fun-1-',5,[{file,"lib/flow/materialize.ex"},{line,699}]},{'Elixir.Flow.MapReducer',handle_events,3,[{file,"lib/flow/map_reducer.ex"},{line,59}]},{'Elixir.GenStage',consumer_dispatch,6,[{file,"lib/gen_stage.ex"},{line,2395}]},{'Elixir.GenStage',take_pc_events,3,[{file,"lib/gen_stage.ex"},{line,2574}]}]}
    ancestors: [<0.1136.0>,<0.1135.0>,<0.1134.0>]
    message_queue_len: 1
    messages: [{'DOWN',#Ref<0.2469736875.120324097.156482>,process,<0.1137.0>,normal}]
    links: [<0.1136.0>]
    dictionary: []
    trap_exit: true
    status: running
    heap_size: 987
    stack_size: 27
    reductions: 7270
  neighbours:
2020-03-10 14:29:49 =CRASH REPORT====
  crasher:
    initial call: Elixir.GenStage:init/1
    pid: <0.1142.0>
    registered_name: []
    exception error: {undef,[{'Elixir.Address',random,[nil],[]},{'Elixir.Cars',generateRandomCar,2,[{file,"lib/cars.ex"},{line,3}]},{'Elixir.Flow.Materialize','-mapper/2-fun-3-',4,[{file,"lib/flow/materialize.ex"},{line,731}]},{'Elixir.Flow.Materialize','-mapper_ops/1-lists^foldl/2-0-',3,[{file,"lib/flow/materialize.ex"},{line,699}]},{'Elixir.Flow.Materialize','-mapper_ops/1-fun-1-',5,[{file,"lib/flow/materialize.ex"},{line,699}]},{'Elixir.Flow.MapReducer',handle_events,3,[{file,"lib/flow/map_reducer.ex"},{line,59}]},{'Elixir.GenStage',consumer_dispatch,6,[{file,"lib/gen_stage.ex"},{line,2395}]},{'Elixir.GenStage',take_pc_events,3,[{file,"lib/gen_stage.ex"},{line,2574}]}]}
    ancestors: [<0.1136.0>,<0.1135.0>,<0.1134.0>]
    message_queue_len: 1
    messages: [{'DOWN',#Ref<0.2469736875.120324097.156490>,process,<0.1137.0>,normal}]
    links: [<0.1136.0>]
    dictionary: []
    trap_exit: true
    status: running
    heap_size: 10958
    stack_size: 27
    reductions: 7223
  neighbours:
2020-03-10 14:29:49 =SUPERVISOR REPORT====
     Supervisor: {<0.1136.0>,'Elixir.Supervisor.Default'}
     Context:    shutdown_error
     Reason:     {undef,[{'Elixir.Address',random,[nil],[]},{'Elixir.Cars',generateRandomCar,2,[{file,"lib/cars.ex"},{line,3}]},{'Elixir.Flow.Materialize','-mapper/2-fun-3-',4,[{file,"lib/flow/materialize.ex"},{line,731}]},{'Elixir.Flow.Materialize','-mapper_ops/1-lists^foldl/2-0-',3,[{file,"lib/flow/materialize.ex"},{line,699}]},{'Elixir.Flow.Materialize','-mapper_ops/1-fun-1-',5,[{file,"lib/flow/materialize.ex"},{line,699}]},{'Elixir.Flow.MapReducer',handle_events,3,[{file,"lib/flow/map_reducer.ex"},{line,59}]},{'Elixir.GenStage',consumer_dispatch,6,[{file,"lib/gen_stage.ex"},{line,2395}]},{'Elixir.GenStage',take_pc_events,3,[{file,"lib/gen_stage.ex"},{line,2574}]}]}
     Offender:   [{pid,<0.1142.0>},{id,#Ref<0.2469736875.120324097.156487>},{mfargs,{'Elixir.GenStage',start_link,undefined}},{restart_type,temporary},{shutdown,5000},{child_type,worker}]

2020-03-10 14:29:49 =SUPERVISOR REPORT====
     Supervisor: {<0.1136.0>,'Elixir.Supervisor.Default'}
     Context:    shutdown_error
     Reason:     {undef,[{'Elixir.Address',random,[nil],[]},{'Elixir.Cars',generateRandomCar,2,[{file,"lib/cars.ex"},{line,3}]},{'Elixir.Flow.Materialize','-mapper/2-fun-3-',4,[{file,"lib/flow/materialize.ex"},{line,731}]},{'Elixir.Flow.Materialize','-mapper_ops/1-lists^foldl/2-0-',3,[{file,"lib/flow/materialize.ex"},{line,699}]},{'Elixir.Flow.Materialize','-mapper_ops/1-fun-1-',5,[{file,"lib/flow/materialize.ex"},{line,699}]},{'Elixir.Flow.MapReducer',handle_events,3,[{file,"lib/flow/map_reducer.ex"},{line,59}]},{'Elixir.GenStage',consumer_dispatch,6,[{file,"lib/gen_stage.ex"},{line,2395}]},{'Elixir.GenStage',take_pc_events,3,[{file,"lib/gen_stage.ex"},{line,2574}]}]}
     Offender:   [{pid,<0.1141.0>},{id,#Ref<0.2469736875.120324097.156479>},{mfargs,{'Elixir.GenStage',start_link,undefined}},{restart_type,temporary},{shutdown,5000},{child_type,worker}]

2020-03-10 14:30:08 =ERROR REPORT====
** Generic server <0.344.0> terminating 
** Last message in was {'$gen_consumer',{<0.341.0>,#Ref<0.2496612758.1999372291.243641>},[1,5]}
** When Server state == {#{#Ref<0.2496612758.1999372291.243641> => nil},#{'done?' => false,producers => #{#Ref<0.2496612758.1999372291.243641> => <0.341.0>},trigger => #Fun<Elixir.Flow.Window.Global.2.127884580>},{2,8},[],#Fun<Elixir.Flow.Materialize.32.5820767>}
** Reason for termination ==
** {function_clause,[{'Elixir.Address',random,[nil],[{file,"lib/address.ex"},{line,2}]},{'Elixir.Cars',generateRandomCar,2,[{file,"lib/cars.ex"},{line,3}]},{'Elixir.Flow.Materialize','-mapper/2-fun-3-',4,[{file,"lib/flow/materialize.ex"},{line,731}]},{'Elixir.Flow.Materialize','-mapper_ops/1-lists^foldl/2-0-',3,[{file,"lib/flow/materialize.ex"},{line,699}]},{'Elixir.Flow.Materialize','-mapper_ops/1-fun-1-',5,[{file,"lib/flow/materialize.ex"},{line,699}]},{'Elixir.Flow.MapReducer',handle_events,3,[{file,"lib/flow/map_reducer.ex"},{line,59}]},{'Elixir.GenStage',consumer_dispatch,6,[{file,"lib/gen_stage.ex"},{line,2395}]},{'Elixir.GenStage',take_pc_events,3,[{file,"lib/gen_stage.ex"},{line,2574}]}]}
2020-03-10 14:30:08 =CRASH REPORT====
  crasher:
    initial call: Elixir.GenStage:init/1
    pid: <0.344.0>
    registered_name: []
    exception error: {function_clause,[{'Elixir.Address',random,[nil],[{file,"lib/address.ex"},{line,2}]},{'Elixir.Cars',generateRandomCar,2,[{file,"lib/cars.ex"},{line,3}]},{'Elixir.Flow.Materialize','-mapper/2-fun-3-',4,[{file,"lib/flow/materialize.ex"},{line,731}]},{'Elixir.Flow.Materialize','-mapper_ops/1-lists^foldl/2-0-',3,[{file,"lib/flow/materialize.ex"},{line,699}]},{'Elixir.Flow.Materialize','-mapper_ops/1-fun-1-',5,[{file,"lib/flow/materialize.ex"},{line,699}]},{'Elixir.Flow.MapReducer',handle_events,3,[{file,"lib/flow/map_reducer.ex"},{line,59}]},{'Elixir.GenStage',consumer_dispatch,6,[{file,"lib/gen_stage.ex"},{line,2395}]},{'Elixir.GenStage',take_pc_events,3,[{file,"lib/gen_stage.ex"},{line,2574}]}]}
    ancestors: [<0.340.0>,<0.339.0>,<0.338.0>]
    message_queue_len: 1
    messages: [{'DOWN',#Ref<0.2496612758.1999372291.243641>,process,<0.341.0>,normal}]
    links: [<0.340.0>]
    dictionary: []
    trap_exit: true
    status: running
    heap_size: 987
    stack_size: 27
    reductions: 7367
  neighbours:
2020-03-10 14:30:08 =ERROR REPORT====
** Generic server <0.345.0> terminating 
** Last message in was {'$gen_consumer',{<0.341.0>,#Ref<0.2496612758.1999372291.243649>},[3,4]}
** When Server state == {#{#Ref<0.2496612758.1999372291.243649> => nil},#{'done?' => false,producers => #{#Ref<0.2496612758.1999372291.243649> => <0.341.0>},trigger => #Fun<Elixir.Flow.Window.Global.2.127884580>},{3,8},[],#Fun<Elixir.Flow.Materialize.32.5820767>}
** Reason for termination ==
** {function_clause,[{'Elixir.Address',random,[nil],[{file,"lib/address.ex"},{line,2}]},{'Elixir.Cars',generateRandomCar,2,[{file,"lib/cars.ex"},{line,3}]},{'Elixir.Flow.Materialize','-mapper/2-fun-3-',4,[{file,"lib/flow/materialize.ex"},{line,731}]},{'Elixir.Flow.Materialize','-mapper_ops/1-lists^foldl/2-0-',3,[{file,"lib/flow/materialize.ex"},{line,699}]},{'Elixir.Flow.Materialize','-mapper_ops/1-fun-1-',5,[{file,"lib/flow/materialize.ex"},{line,699}]},{'Elixir.Flow.MapReducer',handle_events,3,[{file,"lib/flow/map_reducer.ex"},{line,59}]},{'Elixir.GenStage',consumer_dispatch,6,[{file,"lib/gen_stage.ex"},{line,2395}]},{'Elixir.GenStage',take_pc_events,3,[{file,"lib/gen_stage.ex"},{line,2574}]}]}
2020-03-10 14:30:08 =ERROR REPORT====
** Generic server <0.346.0> terminating 
** Last message in was {'$gen_consumer',{<0.341.0>,#Ref<0.2496612758.1999372291.243657>},[2]}
** When Server state == {#{#Ref<0.2496612758.1999372291.243657> => nil},#{'done?' => false,producers => #{#Ref<0.2496612758.1999372291.243657> => <0.341.0>},trigger => #Fun<Elixir.Flow.Window.Global.2.127884580>},{4,8},[],#Fun<Elixir.Flow.Materialize.32.5820767>}
** Reason for termination ==
** {function_clause,[{'Elixir.Address',random,[nil],[{file,"lib/address.ex"},{line,2}]},{'Elixir.Cars',generateRandomCar,2,[{file,"lib/cars.ex"},{line,3}]},{'Elixir.Flow.Materialize','-mapper/2-fun-3-',4,[{file,"lib/flow/materialize.ex"},{line,731}]},{'Elixir.Flow.Materialize','-mapper_ops/1-lists^foldl/2-0-',3,[{file,"lib/flow/materialize.ex"},{line,699}]},{'Elixir.Flow.Materialize','-mapper_ops/1-fun-1-',5,[{file,"lib/flow/materialize.ex"},{line,699}]},{'Elixir.Flow.MapReducer',handle_events,3,[{file,"lib/flow/map_reducer.ex"},{line,59}]},{'Elixir.GenStage',consumer_dispatch,6,[{file,"lib/gen_stage.ex"},{line,2395}]},{'Elixir.GenStage',take_pc_events,3,[{file,"lib/gen_stage.ex"},{line,2574}]}]}
2020-03-10 14:30:08 =SUPERVISOR REPORT====
     Supervisor: {<0.340.0>,'Elixir.Supervisor.Default'}
     Context:    child_terminated
     Reason:     {function_clause,[{'Elixir.Address',random,[nil],[{file,"lib/address.ex"},{line,2}]},{'Elixir.Cars',generateRandomCar,2,[{file,"lib/cars.ex"},{line,3}]},{'Elixir.Flow.Materialize','-mapper/2-fun-3-',4,[{file,"lib/flow/materialize.ex"},{line,731}]},{'Elixir.Flow.Materialize','-mapper_ops/1-lists^foldl/2-0-',3,[{file,"lib/flow/materialize.ex"},{line,699}]},{'Elixir.Flow.Materialize','-mapper_ops/1-fun-1-',5,[{file,"lib/flow/materialize.ex"},{line,699}]},{'Elixir.Flow.MapReducer',handle_events,3,[{file,"lib/flow/map_reducer.ex"},{line,59}]},{'Elixir.GenStage',consumer_dispatch,6,[{file,"lib/gen_stage.ex"},{line,2395}]},{'Elixir.GenStage',take_pc_events,3,[{file,"lib/gen_stage.ex"},{line,2574}]}]}
     Offender:   [{pid,<0.344.0>},{id,#Ref<0.2496612758.1999372291.243638>},{mfargs,{'Elixir.GenStage',start_link,undefined}},{restart_type,temporary},{shutdown,5000},{child_type,worker}]

2020-03-10 14:30:08 =CRASH REPORT====
  crasher:
    initial call: Elixir.GenStage:init/1
    pid: <0.345.0>
    registered_name: []
    exception error: {function_clause,[{'Elixir.Address',random,[nil],[{file,"lib/address.ex"},{line,2}]},{'Elixir.Cars',generateRandomCar,2,[{file,"lib/cars.ex"},{line,3}]},{'Elixir.Flow.Materialize','-mapper/2-fun-3-',4,[{file,"lib/flow/materialize.ex"},{line,731}]},{'Elixir.Flow.Materialize','-mapper_ops/1-lists^foldl/2-0-',3,[{file,"lib/flow/materialize.ex"},{line,699}]},{'Elixir.Flow.Materialize','-mapper_ops/1-fun-1-',5,[{file,"lib/flow/materialize.ex"},{line,699}]},{'Elixir.Flow.MapReducer',handle_events,3,[{file,"lib/flow/map_reducer.ex"},{line,59}]},{'Elixir.GenStage',consumer_dispatch,6,[{file,"lib/gen_stage.ex"},{line,2395}]},{'Elixir.GenStage',take_pc_events,3,[{file,"lib/gen_stage.ex"},{line,2574}]}]}
    ancestors: [<0.340.0>,<0.339.0>,<0.338.0>]
    message_queue_len: 1
    messages: [{'DOWN',#Ref<0.2496612758.1999372291.243649>,process,<0.341.0>,normal}]
    links: [<0.340.0>]
    dictionary: []
    trap_exit: true
    status: running
    heap_size: 987
    stack_size: 27
    reductions: 7367
  neighbours:
2020-03-10 14:30:08 =CRASH REPORT====
  crasher:
    initial call: Elixir.GenStage:init/1
    pid: <0.346.0>
    registered_name: []
    exception error: {function_clause,[{'Elixir.Address',random,[nil],[{file,"lib/address.ex"},{line,2}]},{'Elixir.Cars',generateRandomCar,2,[{file,"lib/cars.ex"},{line,3}]},{'Elixir.Flow.Materialize','-mapper/2-fun-3-',4,[{file,"lib/flow/materialize.ex"},{line,731}]},{'Elixir.Flow.Materialize','-mapper_ops/1-lists^foldl/2-0-',3,[{file,"lib/flow/materialize.ex"},{line,699}]},{'Elixir.Flow.Materialize','-mapper_ops/1-fun-1-',5,[{file,"lib/flow/materialize.ex"},{line,699}]},{'Elixir.Flow.MapReducer',handle_events,3,[{file,"lib/flow/map_reducer.ex"},{line,59}]},{'Elixir.GenStage',consumer_dispatch,6,[{file,"lib/gen_stage.ex"},{line,2395}]},{'Elixir.GenStage',take_pc_events,3,[{file,"lib/gen_stage.ex"},{line,2574}]}]}
    ancestors: [<0.340.0>,<0.339.0>,<0.338.0>]
    message_queue_len: 1
    messages: [{'DOWN',#Ref<0.2496612758.1999372291.243657>,process,<0.341.0>,normal}]
    links: [<0.340.0>]
    dictionary: []
    trap_exit: true
    status: running
    heap_size: 987
    stack_size: 27
    reductions: 7316
  neighbours:
2020-03-10 14:30:08 =SUPERVISOR REPORT====
     Supervisor: {<0.340.0>,'Elixir.Supervisor.Default'}
     Context:    shutdown_error
     Reason:     noproc
     Offender:   [{pid,<0.346.0>},{id,#Ref<0.2496612758.1999372291.243654>},{mfargs,{'Elixir.GenStage',start_link,undefined}},{restart_type,temporary},{shutdown,5000},{child_type,worker}]

2020-03-10 14:30:08 =SUPERVISOR REPORT====
     Supervisor: {<0.340.0>,'Elixir.Supervisor.Default'}
     Context:    shutdown_error
     Reason:     {function_clause,[{'Elixir.Address',random,[nil],[{file,"lib/address.ex"},{line,2}]},{'Elixir.Cars',generateRandomCar,2,[{file,"lib/cars.ex"},{line,3}]},{'Elixir.Flow.Materialize','-mapper/2-fun-3-',4,[{file,"lib/flow/materialize.ex"},{line,731}]},{'Elixir.Flow.Materialize','-mapper_ops/1-lists^foldl/2-0-',3,[{file,"lib/flow/materialize.ex"},{line,699}]},{'Elixir.Flow.Materialize','-mapper_ops/1-fun-1-',5,[{file,"lib/flow/materialize.ex"},{line,699}]},{'Elixir.Flow.MapReducer',handle_events,3,[{file,"lib/flow/map_reducer.ex"},{line,59}]},{'Elixir.GenStage',consumer_dispatch,6,[{file,"lib/gen_stage.ex"},{line,2395}]},{'Elixir.GenStage',take_pc_events,3,[{file,"lib/gen_stage.ex"},{line,2574}]}]}
     Offender:   [{pid,<0.345.0>},{id,#Ref<0.2496612758.1999372291.243646>},{mfargs,{'Elixir.GenStage',start_link,undefined}},{restart_type,temporary},{shutdown,5000},{child_type,worker}]

2020-03-10 14:30:40 =ERROR REPORT====
** Generic server <0.345.0> terminating 
** Last message in was {'$gen_consumer',{<0.342.0>,#Ref<0.1028382038.1731985411.164526>},[1,5]}
** When Server state == {#{#Ref<0.1028382038.1731985411.164526> => nil},#{'done?' => false,producers => #{#Ref<0.1028382038.1731985411.164526> => <0.342.0>},trigger => #Fun<Elixir.Flow.Window.Global.2.127884580>},{2,8},[],#Fun<Elixir.Flow.Materialize.32.5820767>}
** Reason for termination ==
** {function_clause,[{'Elixir.Address',random,[nil],[{file,"lib/address.ex"},{line,2}]},{'Elixir.Cars',generateRandomCar,2,[{file,"lib/cars.ex"},{line,3}]},{'Elixir.Flow.Materialize','-mapper/2-fun-3-',4,[{file,"lib/flow/materialize.ex"},{line,731}]},{'Elixir.Flow.Materialize','-mapper_ops/1-lists^foldl/2-0-',3,[{file,"lib/flow/materialize.ex"},{line,699}]},{'Elixir.Flow.Materialize','-mapper_ops/1-fun-1-',5,[{file,"lib/flow/materialize.ex"},{line,699}]},{'Elixir.Flow.MapReducer',handle_events,3,[{file,"lib/flow/map_reducer.ex"},{line,59}]},{'Elixir.GenStage',consumer_dispatch,6,[{file,"lib/gen_stage.ex"},{line,2395}]},{'Elixir.GenStage',take_pc_events,3,[{file,"lib/gen_stage.ex"},{line,2574}]}]}
2020-03-10 14:30:40 =CRASH REPORT====
  crasher:
    initial call: Elixir.GenStage:init/1
    pid: <0.345.0>
    registered_name: []
    exception error: {function_clause,[{'Elixir.Address',random,[nil],[{file,"lib/address.ex"},{line,2}]},{'Elixir.Cars',generateRandomCar,2,[{file,"lib/cars.ex"},{line,3}]},{'Elixir.Flow.Materialize','-mapper/2-fun-3-',4,[{file,"lib/flow/materialize.ex"},{line,731}]},{'Elixir.Flow.Materialize','-mapper_ops/1-lists^foldl/2-0-',3,[{file,"lib/flow/materialize.ex"},{line,699}]},{'Elixir.Flow.Materialize','-mapper_ops/1-fun-1-',5,[{file,"lib/flow/materialize.ex"},{line,699}]},{'Elixir.Flow.MapReducer',handle_events,3,[{file,"lib/flow/map_reducer.ex"},{line,59}]},{'Elixir.GenStage',consumer_dispatch,6,[{file,"lib/gen_stage.ex"},{line,2395}]},{'Elixir.GenStage',take_pc_events,3,[{file,"lib/gen_stage.ex"},{line,2574}]}]}
    ancestors: [<0.341.0>,<0.340.0>,<0.339.0>]
    message_queue_len: 1
    messages: [{'DOWN',#Ref<0.1028382038.1731985411.164526>,process,<0.342.0>,normal}]
    links: [<0.341.0>]
    dictionary: []
    trap_exit: true
    status: running
    heap_size: 2586
    stack_size: 27
    reductions: 7518
  neighbours:
2020-03-10 14:30:40 =ERROR REPORT====
** Generic server <0.346.0> terminating 
** Last message in was {'$gen_consumer',{<0.342.0>,#Ref<0.1028382038.1731985411.164534>},[3,4]}
** When Server state == {#{#Ref<0.1028382038.1731985411.164534> => nil},#{'done?' => false,producers => #{#Ref<0.1028382038.1731985411.164534> => <0.342.0>},trigger => #Fun<Elixir.Flow.Window.Global.2.127884580>},{3,8},[],#Fun<Elixir.Flow.Materialize.32.5820767>}
** Reason for termination ==
** {function_clause,[{'Elixir.Address',random,[nil],[{file,"lib/address.ex"},{line,2}]},{'Elixir.Cars',generateRandomCar,2,[{file,"lib/cars.ex"},{line,3}]},{'Elixir.Flow.Materialize','-mapper/2-fun-3-',4,[{file,"lib/flow/materialize.ex"},{line,731}]},{'Elixir.Flow.Materialize','-mapper_ops/1-lists^foldl/2-0-',3,[{file,"lib/flow/materialize.ex"},{line,699}]},{'Elixir.Flow.Materialize','-mapper_ops/1-fun-1-',5,[{file,"lib/flow/materialize.ex"},{line,699}]},{'Elixir.Flow.MapReducer',handle_events,3,[{file,"lib/flow/map_reducer.ex"},{line,59}]},{'Elixir.GenStage',consumer_dispatch,6,[{file,"lib/gen_stage.ex"},{line,2395}]},{'Elixir.GenStage',take_pc_events,3,[{file,"lib/gen_stage.ex"},{line,2574}]}]}
2020-03-10 14:30:40 =ERROR REPORT====
** Generic server <0.347.0> terminating 
** Last message in was {'$gen_consumer',{<0.342.0>,#Ref<0.1028382038.1731985411.164542>},[2]}
** When Server state == {#{#Ref<0.1028382038.1731985411.164542> => nil},#{'done?' => false,producers => #{#Ref<0.1028382038.1731985411.164542> => <0.342.0>},trigger => #Fun<Elixir.Flow.Window.Global.2.127884580>},{4,8},[],#Fun<Elixir.Flow.Materialize.32.5820767>}
** Reason for termination ==
** {function_clause,[{'Elixir.Address',random,[nil],[{file,"lib/address.ex"},{line,2}]},{'Elixir.Cars',generateRandomCar,2,[{file,"lib/cars.ex"},{line,3}]},{'Elixir.Flow.Materialize','-mapper/2-fun-3-',4,[{file,"lib/flow/materialize.ex"},{line,731}]},{'Elixir.Flow.Materialize','-mapper_ops/1-lists^foldl/2-0-',3,[{file,"lib/flow/materialize.ex"},{line,699}]},{'Elixir.Flow.Materialize','-mapper_ops/1-fun-1-',5,[{file,"lib/flow/materialize.ex"},{line,699}]},{'Elixir.Flow.MapReducer',handle_events,3,[{file,"lib/flow/map_reducer.ex"},{line,59}]},{'Elixir.GenStage',consumer_dispatch,6,[{file,"lib/gen_stage.ex"},{line,2395}]},{'Elixir.GenStage',take_pc_events,3,[{file,"lib/gen_stage.ex"},{line,2574}]}]}
2020-03-10 14:30:40 =SUPERVISOR REPORT====
     Supervisor: {<0.341.0>,'Elixir.Supervisor.Default'}
     Context:    child_terminated
     Reason:     {function_clause,[{'Elixir.Address',random,[nil],[{file,"lib/address.ex"},{line,2}]},{'Elixir.Cars',generateRandomCar,2,[{file,"lib/cars.ex"},{line,3}]},{'Elixir.Flow.Materialize','-mapper/2-fun-3-',4,[{file,"lib/flow/materialize.ex"},{line,731}]},{'Elixir.Flow.Materialize','-mapper_ops/1-lists^foldl/2-0-',3,[{file,"lib/flow/materialize.ex"},{line,699}]},{'Elixir.Flow.Materialize','-mapper_ops/1-fun-1-',5,[{file,"lib/flow/materialize.ex"},{line,699}]},{'Elixir.Flow.MapReducer',handle_events,3,[{file,"lib/flow/map_reducer.ex"},{line,59}]},{'Elixir.GenStage',consumer_dispatch,6,[{file,"lib/gen_stage.ex"},{line,2395}]},{'Elixir.GenStage',take_pc_events,3,[{file,"lib/gen_stage.ex"},{line,2574}]}]}
     Offender:   [{pid,<0.345.0>},{id,#Ref<0.1028382038.1731985411.164523>},{mfargs,{'Elixir.GenStage',start_link,undefined}},{restart_type,temporary},{shutdown,5000},{child_type,worker}]

2020-03-10 14:30:40 =CRASH REPORT====
  crasher:
    initial call: Elixir.GenStage:init/1
    pid: <0.346.0>
    registered_name: []
    exception error: {function_clause,[{'Elixir.Address',random,[nil],[{file,"lib/address.ex"},{line,2}]},{'Elixir.Cars',generateRandomCar,2,[{file,"lib/cars.ex"},{line,3}]},{'Elixir.Flow.Materialize','-mapper/2-fun-3-',4,[{file,"lib/flow/materialize.ex"},{line,731}]},{'Elixir.Flow.Materialize','-mapper_ops/1-lists^foldl/2-0-',3,[{file,"lib/flow/materialize.ex"},{line,699}]},{'Elixir.Flow.Materialize','-mapper_ops/1-fun-1-',5,[{file,"lib/flow/materialize.ex"},{line,699}]},{'Elixir.Flow.MapReducer',handle_events,3,[{file,"lib/flow/map_reducer.ex"},{line,59}]},{'Elixir.GenStage',consumer_dispatch,6,[{file,"lib/gen_stage.ex"},{line,2395}]},{'Elixir.GenStage',take_pc_events,3,[{file,"lib/gen_stage.ex"},{line,2574}]}]}
    ancestors: [<0.341.0>,<0.340.0>,<0.339.0>]
    message_queue_len: 1
    messages: [{'DOWN',#Ref<0.1028382038.1731985411.164534>,process,<0.342.0>,normal}]
    links: [<0.341.0>]
    dictionary: []
    trap_exit: true
    status: running
    heap_size: 2586
    stack_size: 27
    reductions: 7518
  neighbours:
2020-03-10 14:30:40 =CRASH REPORT====
  crasher:
    initial call: Elixir.GenStage:init/1
    pid: <0.347.0>
    registered_name: []
    exception error: {function_clause,[{'Elixir.Address',random,[nil],[{file,"lib/address.ex"},{line,2}]},{'Elixir.Cars',generateRandomCar,2,[{file,"lib/cars.ex"},{line,3}]},{'Elixir.Flow.Materialize','-mapper/2-fun-3-',4,[{file,"lib/flow/materialize.ex"},{line,731}]},{'Elixir.Flow.Materialize','-mapper_ops/1-lists^foldl/2-0-',3,[{file,"lib/flow/materialize.ex"},{line,699}]},{'Elixir.Flow.Materialize','-mapper_ops/1-fun-1-',5,[{file,"lib/flow/materialize.ex"},{line,699}]},{'Elixir.Flow.MapReducer',handle_events,3,[{file,"lib/flow/map_reducer.ex"},{line,59}]},{'Elixir.GenStage',consumer_dispatch,6,[{file,"lib/gen_stage.ex"},{line,2395}]},{'Elixir.GenStage',take_pc_events,3,[{file,"lib/gen_stage.ex"},{line,2574}]}]}
    ancestors: [<0.341.0>,<0.340.0>,<0.339.0>]
    message_queue_len: 1
    messages: [{'DOWN',#Ref<0.1028382038.1731985411.164542>,process,<0.342.0>,normal}]
    links: [<0.341.0>]
    dictionary: []
    trap_exit: true
    status: running
    heap_size: 2586
    stack_size: 27
    reductions: 7462
  neighbours:
2020-03-10 14:30:40 =SUPERVISOR REPORT====
     Supervisor: {<0.341.0>,'Elixir.Supervisor.Default'}
     Context:    shutdown_error
     Reason:     {function_clause,[{'Elixir.Address',random,[nil],[{file,"lib/address.ex"},{line,2}]},{'Elixir.Cars',generateRandomCar,2,[{file,"lib/cars.ex"},{line,3}]},{'Elixir.Flow.Materialize','-mapper/2-fun-3-',4,[{file,"lib/flow/materialize.ex"},{line,731}]},{'Elixir.Flow.Materialize','-mapper_ops/1-lists^foldl/2-0-',3,[{file,"lib/flow/materialize.ex"},{line,699}]},{'Elixir.Flow.Materialize','-mapper_ops/1-fun-1-',5,[{file,"lib/flow/materialize.ex"},{line,699}]},{'Elixir.Flow.MapReducer',handle_events,3,[{file,"lib/flow/map_reducer.ex"},{line,59}]},{'Elixir.GenStage',consumer_dispatch,6,[{file,"lib/gen_stage.ex"},{line,2395}]},{'Elixir.GenStage',take_pc_events,3,[{file,"lib/gen_stage.ex"},{line,2574}]}]}
     Offender:   [{pid,<0.347.0>},{id,#Ref<0.1028382038.1731985411.164539>},{mfargs,{'Elixir.GenStage',start_link,undefined}},{restart_type,temporary},{shutdown,5000},{child_type,worker}]

2020-03-10 14:30:40 =SUPERVISOR REPORT====
     Supervisor: {<0.341.0>,'Elixir.Supervisor.Default'}
     Context:    shutdown_error
     Reason:     {function_clause,[{'Elixir.Address',random,[nil],[{file,"lib/address.ex"},{line,2}]},{'Elixir.Cars',generateRandomCar,2,[{file,"lib/cars.ex"},{line,3}]},{'Elixir.Flow.Materialize','-mapper/2-fun-3-',4,[{file,"lib/flow/materialize.ex"},{line,731}]},{'Elixir.Flow.Materialize','-mapper_ops/1-lists^foldl/2-0-',3,[{file,"lib/flow/materialize.ex"},{line,699}]},{'Elixir.Flow.Materialize','-mapper_ops/1-fun-1-',5,[{file,"lib/flow/materialize.ex"},{line,699}]},{'Elixir.Flow.MapReducer',handle_events,3,[{file,"lib/flow/map_reducer.ex"},{line,59}]},{'Elixir.GenStage',consumer_dispatch,6,[{file,"lib/gen_stage.ex"},{line,2395}]},{'Elixir.GenStage',take_pc_events,3,[{file,"lib/gen_stage.ex"},{line,2574}]}]}
     Offender:   [{pid,<0.346.0>},{id,#Ref<0.1028382038.1731985411.164531>},{mfargs,{'Elixir.GenStage',start_link,undefined}},{restart_type,temporary},{shutdown,5000},{child_type,worker}]

2020-03-10 14:30:40 =CRASH REPORT====
  crasher:
    initial call: application_master:init/4
    pid: <0.338.0>
    registered_name: []
    exception exit: {{bad_return,{{'Elixir.CarSimulator',start,[normal,[]]},{'EXIT',{{function_clause,[{'Elixir.Address',random,[nil],[{file,"lib/address.ex"},{line,2}]},{'Elixir.Cars',generateRandomCar,2,[{file,"lib/cars.ex"},{line,3}]},{'Elixir.Flow.Materialize','-mapper/2-fun-3-',4,[{file,"lib/flow/materialize.ex"},{line,731}]},{'Elixir.Flow.Materialize','-mapper_ops/1-lists^foldl/2-0-',3,[{file,"lib/flow/materialize.ex"},{line,699}]},{'Elixir.Flow.Materialize','-mapper_ops/1-fun-1-',5,[{file,"lib/flow/materialize.ex"},{line,699}]},{'Elixir.Flow.MapReducer',handle_events,3,[{file,"lib/flow/map_reducer.ex"},{line,59}]},{'Elixir.GenStage',consumer_dispatch,6,[{file,"lib/gen_stage.ex"},{line,2395}]},{'Elixir.GenStage',take_pc_events,3,[{file,"lib/gen_stage.ex"},{line,2574}]}]},{'Elixir.GenStage',close_stream,[#{#Ref<0.1028382038.1731985411.164588> => {subscribed,<0.346.0>,transient,500,1000,1000},#Ref<0.1028382038.1731985411.164589> => {subscribed,<0.347.0>,transient,500,1000,1000}}]}}}}},[{application_master,init,4,[{file,"application_master.erl"},{line,138}]},{proc_lib,init_p_do_apply,3,[{file,"proc_lib.erl"},{line,249}]}]}
    ancestors: [<0.337.0>]
    message_queue_len: 1
    messages: [{'EXIT',<0.339.0>,normal}]
    links: [<0.337.0>,<0.43.0>]
    dictionary: []
    trap_exit: true
    status: running
    heap_size: 987
    stack_size: 27
    reductions: 242
  neighbours:
2020-03-10 14:31:27 =CRASH REPORT====
  crasher:
    initial call: application_master:init/4
    pid: <0.340.0>
    registered_name: []
    exception exit: {{bad_return,{{'Elixir.CarSimulator',start,[normal,[]]},{'EXIT',{#{'__exception__' => true,'__struct__' => 'Elixir.ArgumentError',message => <<"could not fetch application environment :amqp_host for application :engine because the application was not loaded/started. If your application depends on :engine at runtime, make sure to load/start it or list it under :extra_applications in your mix.exs file">>},[{'Elixir.Application','fetch_env!',2,[{file,"lib/application.ex"},{line,653}]},{'Elixir.MQ',publish,2,[{file,"lib/mq.ex"},{line,3}]},{'Elixir.Stream','-map/2-fun-0-',4,[{file,"lib/stream.ex"},{line,572}]},{'Elixir.Enumerable.List',reduce,3,[{file,"lib/enum.ex"},{line,3686}]},{'Elixir.Stream',do_list_transform,7,[{file,"lib/stream.ex"},{line,931}]},{'Elixir.Enumerable.Stream',do_each,4,[{file,"lib/stream.ex"},{line,1609}]},{'Elixir.Stream',run,1,[{file,"lib/stream.ex"},{line,649}]},{'Elixir.CarSimulator',start,2,[{file,"lib/car_simulator.ex"},{line,10}]}]}}}},[{application_master,init,4,[{file,"application_master.erl"},{line,138}]},{proc_lib,init_p_do_apply,3,[{file,"proc_lib.erl"},{line,249}]}]}
    ancestors: [<0.339.0>]
    message_queue_len: 1
    messages: [{'EXIT',<0.341.0>,normal}]
    links: [<0.339.0>,<0.43.0>]
    dictionary: []
    trap_exit: true
    status: running
    heap_size: 987
    stack_size: 27
    reductions: 491
  neighbours:
2020-03-10 14:32:12 =CRASH REPORT====
  crasher:
    initial call: application_master:init/4
    pid: <0.393.0>
    registered_name: []
    exception exit: {{bad_return,{{'Elixir.CarSimulator',start,[normal,[]]},{'EXIT',{#{'__exception__' => true,'__struct__' => 'Elixir.ArgumentError',message => <<"could not fetch application environment :amqp_host for application :engine because the application was not loaded/started. If your application depends on :engine at runtime, make sure to load/start it or list it under :extra_applications in your mix.exs file">>},[{'Elixir.Application','fetch_env!',2,[{file,"lib/application.ex"},{line,653}]},{'Elixir.MQ',publish,2,[{file,"lib/mq.ex"},{line,3}]},{'Elixir.Stream','-map/2-fun-0-',4,[{file,"lib/stream.ex"},{line,572}]},{'Elixir.Enumerable.List',reduce,3,[{file,"lib/enum.ex"},{line,3686}]},{'Elixir.Stream',do_list_transform,7,[{file,"lib/stream.ex"},{line,931}]},{'Elixir.Enumerable.Stream',do_each,4,[{file,"lib/stream.ex"},{line,1609}]},{'Elixir.Stream',run,1,[{file,"lib/stream.ex"},{line,649}]},{'Elixir.CarSimulator',start,2,[{file,"lib/car_simulator.ex"},{line,10}]}]}}}},[{application_master,init,4,[{file,"application_master.erl"},{line,138}]},{proc_lib,init_p_do_apply,3,[{file,"proc_lib.erl"},{line,249}]}]}
    ancestors: [<0.392.0>]
    message_queue_len: 1
    messages: [{'EXIT',<0.394.0>,normal}]
    links: [<0.392.0>,<0.43.0>]
    dictionary: []
    trap_exit: true
    status: running
    heap_size: 987
    stack_size: 27
    reductions: 475
  neighbours:
2020-03-10 14:33:05 =CRASH REPORT====
  crasher:
    initial call: application_master:init/4
    pid: <0.324.0>
    registered_name: []
    exception exit: {{bad_return,{{'Elixir.CarSimulator',start,[normal,[]]},{'EXIT',{#{'__exception__' => true,'__struct__' => 'Elixir.ArgumentError',message => <<"could not fetch application environment :amqp_host for application :engine because the application was not loaded/started. If your application depends on :engine at runtime, make sure to load/start it or list it under :extra_applications in your mix.exs file">>},[{'Elixir.Application','fetch_env!',2,[{file,"lib/application.ex"},{line,653}]},{'Elixir.MQ',publish,2,[{file,"lib/mq.ex"},{line,3}]},{'Elixir.Stream','-map/2-fun-0-',4,[{file,"lib/stream.ex"},{line,572}]},{'Elixir.Enumerable.List',reduce,3,[{file,"lib/enum.ex"},{line,3686}]},{'Elixir.Stream',do_list_transform,7,[{file,"lib/stream.ex"},{line,931}]},{'Elixir.Enumerable.Stream',do_each,4,[{file,"lib/stream.ex"},{line,1609}]},{'Elixir.Stream',run,1,[{file,"lib/stream.ex"},{line,649}]},{'Elixir.CarSimulator',start,2,[{file,"lib/car_simulator.ex"},{line,10}]}]}}}},[{application_master,init,4,[{file,"application_master.erl"},{line,138}]},{proc_lib,init_p_do_apply,3,[{file,"proc_lib.erl"},{line,249}]}]}
    ancestors: [<0.323.0>]
    message_queue_len: 1
    messages: [{'EXIT',<0.325.0>,normal}]
    links: [<0.323.0>,<0.43.0>]
    dictionary: []
    trap_exit: true
    status: running
    heap_size: 987
    stack_size: 27
    reductions: 484
  neighbours:
2020-03-10 14:33:40 =CRASH REPORT====
  crasher:
    initial call: application_master:init/4
    pid: <0.335.0>
    registered_name: []
    exception exit: {{bad_return,{{'Elixir.CarSimulator',start,[normal,[]]},{'EXIT',{#{'__exception__' => true,'__struct__' => 'Elixir.ArgumentError',message => <<"could not fetch application environment :amqp_host for application :carsimulator because the application was not loaded/started. If your application depends on :carsimulator at runtime, make sure to load/start it or list it under :extra_applications in your mix.exs file">>},[{'Elixir.Application','fetch_env!',2,[{file,"lib/application.ex"},{line,653}]},{'Elixir.MQ',publish,2,[{file,"lib/mq.ex"},{line,3}]},{'Elixir.Stream','-map/2-fun-0-',4,[{file,"lib/stream.ex"},{line,572}]},{'Elixir.Enumerable.List',reduce,3,[{file,"lib/enum.ex"},{line,3686}]},{'Elixir.Stream',do_list_transform,7,[{file,"lib/stream.ex"},{line,931}]},{'Elixir.Enumerable.Stream',do_each,4,[{file,"lib/stream.ex"},{line,1609}]},{'Elixir.Stream',run,1,[{file,"lib/stream.ex"},{line,649}]},{'Elixir.CarSimulator',start,2,[{file,"lib/car_simulator.ex"},{line,10}]}]}}}},[{application_master,init,4,[{file,"application_master.erl"},{line,138}]},{proc_lib,init_p_do_apply,3,[{file,"proc_lib.erl"},{line,249}]}]}
    ancestors: [<0.334.0>]
    message_queue_len: 1
    messages: [{'EXIT',<0.336.0>,normal}]
    links: [<0.334.0>,<0.43.0>]
    dictionary: []
    trap_exit: true
    status: running
    heap_size: 987
    stack_size: 27
    reductions: 473
  neighbours:
2020-03-10 14:33:50 =CRASH REPORT====
  crasher:
    initial call: application_master:init/4
    pid: <0.335.0>
    registered_name: []
    exception exit: {{bad_return,{{'Elixir.CarSimulator',start,[normal,[]]},{'EXIT',{#{'__exception__' => true,'__struct__' => 'Elixir.ArgumentError',message => <<"could not fetch application environment :amqp_host for application :CarSimulator because the application was not loaded/started. If your application depends on :CarSimulator at runtime, make sure to load/start it or list it under :extra_applications in your mix.exs file">>},[{'Elixir.Application','fetch_env!',2,[{file,"lib/application.ex"},{line,653}]},{'Elixir.MQ',publish,2,[{file,"lib/mq.ex"},{line,3}]},{'Elixir.Stream','-map/2-fun-0-',4,[{file,"lib/stream.ex"},{line,572}]},{'Elixir.Enumerable.List',reduce,3,[{file,"lib/enum.ex"},{line,3686}]},{'Elixir.Stream',do_list_transform,7,[{file,"lib/stream.ex"},{line,931}]},{'Elixir.Enumerable.Stream',do_each,4,[{file,"lib/stream.ex"},{line,1609}]},{'Elixir.Stream',run,1,[{file,"lib/stream.ex"},{line,649}]},{'Elixir.CarSimulator',start,2,[{file,"lib/car_simulator.ex"},{line,10}]}]}}}},[{application_master,init,4,[{file,"application_master.erl"},{line,138}]},{proc_lib,init_p_do_apply,3,[{file,"proc_lib.erl"},{line,249}]}]}
    ancestors: [<0.334.0>]
    message_queue_len: 1
    messages: [{'EXIT',<0.336.0>,normal}]
    links: [<0.334.0>,<0.43.0>]
    dictionary: []
    trap_exit: true
    status: running
    heap_size: 987
    stack_size: 27
    reductions: 486
  neighbours:
