2020-03-10 14:49:18.562 [info] <0.43.0> Application lager started on node nonode@nohost
2020-03-10 14:49:18.584 [info] <0.43.0> Application xmerl started on node nonode@nohost
2020-03-10 14:49:18.641 [info] <0.43.0> Application sasl started on node nonode@nohost
2020-03-10 14:49:18.654 [info] <0.43.0> Application tools started on node nonode@nohost
2020-03-10 14:49:18.661 [info] <0.43.0> Application jsx started on node nonode@nohost
2020-03-10 14:49:18.673 [info] <0.43.0> Application ranch started on node nonode@nohost
2020-03-10 14:49:18.676 [info] <0.43.0> Application recon started on node nonode@nohost
2020-03-10 14:49:18.727 [info] <0.43.0> Application credentials_obfuscation started on node nonode@nohost
2020-03-10 14:49:18.727 [info] <0.43.0> Application rabbit_common started on node nonode@nohost
2020-03-10 14:49:18.736 [info] <0.43.0> Application amqp_client started on node nonode@nohost
2020-03-10 14:49:18.736 [info] <0.43.0> Application amqp started on node nonode@nohost
2020-03-10 14:49:18.739 [error] <0.1449.0>@Elixir.Bookings:simulate CRASH REPORT Process <0.1449.0> with 0 neighbours exited with reason: call to undefined function 'Elixir.Bookings':simulate(#{lat => 61.829182,lon => 16.0896213}, 1) in application_master:init/4 line 138
2020-03-10 14:49:45.272 [info] <0.43.0> Application lager started on node nonode@nohost
2020-03-10 14:49:45.282 [info] <0.43.0> Application xmerl started on node nonode@nohost
2020-03-10 14:49:45.308 [info] <0.43.0> Application sasl started on node nonode@nohost
2020-03-10 14:49:45.316 [info] <0.43.0> Application tools started on node nonode@nohost
2020-03-10 14:49:45.319 [info] <0.43.0> Application jsx started on node nonode@nohost
2020-03-10 14:49:45.332 [info] <0.43.0> Application ranch started on node nonode@nohost
2020-03-10 14:49:45.336 [info] <0.43.0> Application recon started on node nonode@nohost
2020-03-10 14:49:45.392 [info] <0.43.0> Application credentials_obfuscation started on node nonode@nohost
2020-03-10 14:49:45.392 [info] <0.43.0> Application rabbit_common started on node nonode@nohost
2020-03-10 14:49:45.403 [info] <0.43.0> Application amqp_client started on node nonode@nohost
2020-03-10 14:49:45.407 [info] <0.43.0> Application amqp started on node nonode@nohost
2020-03-10 14:49:50.683 [error] <0.336.0>@Elixir.MQ:publish:3 CRASH REPORT Process <0.336.0> with 0 neighbours exited with reason: no match of right hand value {error,econnrefused} in 'Elixir.MQ':publish/2 line 3 in application_master:init/4 line 138
2020-03-10 14:50:17.574 [info] <0.43.0> Application logger started on node nonode@nohost
2020-03-10 14:50:17.580 [info] <0.43.0> Application poison started on node nonode@nohost
2020-03-10 14:50:17.587 [info] <0.43.0> Application jaxon started on node nonode@nohost
2020-03-10 14:50:17.596 [info] <0.43.0> Application gen_stage started on node nonode@nohost
2020-03-10 14:50:17.596 [info] <0.43.0> Application flow started on node nonode@nohost
2020-03-10 14:50:17.601 [info] <0.43.0> Application math started on node nonode@nohost
2020-03-10 14:50:17.626 [info] <0.43.0> Application unicode_util_compat started on node nonode@nohost
2020-03-10 14:50:17.626 [info] <0.43.0> Application idna started on node nonode@nohost
2020-03-10 14:50:17.635 [info] <0.43.0> Application mimerl started on node nonode@nohost
2020-03-10 14:50:17.638 [info] <0.43.0> Application certifi started on node nonode@nohost
2020-03-10 14:50:17.643 [info] <0.43.0> Application ssl_verify_fun started on node nonode@nohost
2020-03-10 14:50:17.648 [info] <0.43.0> Application metrics started on node nonode@nohost
2020-03-10 14:50:17.675 [info] <0.43.0> Application hackney started on node nonode@nohost
2020-03-10 14:50:17.675 [info] <0.43.0> Application httpoison started on node nonode@nohost
2020-03-10 14:50:17.682 [info] <0.43.0> Application vector started on node nonode@nohost
2020-03-10 14:50:17.683 [info] <0.43.0> Application polyline started on node nonode@nohost
2020-03-10 14:50:17.697 [info] <0.43.0> Application xmerl started on node nonode@nohost
2020-03-10 14:50:17.737 [info] <0.43.0> Application sasl started on node nonode@nohost
2020-03-10 14:50:17.751 [info] <0.43.0> Application tools started on node nonode@nohost
2020-03-10 14:50:17.754 [info] <0.43.0> Application jsx started on node nonode@nohost
2020-03-10 14:50:17.767 [info] <0.43.0> Application ranch started on node nonode@nohost
2020-03-10 14:50:17.772 [info] <0.43.0> Application recon started on node nonode@nohost
2020-03-10 14:50:17.822 [info] <0.43.0> Application credentials_obfuscation started on node nonode@nohost
2020-03-10 14:50:17.822 [info] <0.43.0> Application rabbit_common started on node nonode@nohost
2020-03-10 14:50:17.832 [info] <0.43.0> Application amqp_client started on node nonode@nohost
2020-03-10 14:50:17.836 [info] <0.43.0> Application amqp started on node nonode@nohost
2020-03-10 14:50:23.103 [error] <0.381.0>@Elixir.MQ:publish:3 CRASH REPORT Process <0.381.0> with 0 neighbours exited with reason: no match of right hand value {error,econnrefused} in 'Elixir.MQ':publish/2 line 3 in application_master:init/4 line 138
2020-03-10 14:50:35.017 [info] <0.43.0> Application logger started on node nonode@nohost
2020-03-10 14:50:35.022 [info] <0.43.0> Application poison started on node nonode@nohost
2020-03-10 14:50:35.025 [info] <0.43.0> Application jaxon started on node nonode@nohost
2020-03-10 14:50:35.033 [info] <0.43.0> Application gen_stage started on node nonode@nohost
2020-03-10 14:50:35.033 [info] <0.43.0> Application flow started on node nonode@nohost
2020-03-10 14:50:35.036 [info] <0.43.0> Application math started on node nonode@nohost
2020-03-10 14:50:35.052 [info] <0.43.0> Application unicode_util_compat started on node nonode@nohost
2020-03-10 14:50:35.052 [info] <0.43.0> Application idna started on node nonode@nohost
2020-03-10 14:50:35.057 [info] <0.43.0> Application mimerl started on node nonode@nohost
2020-03-10 14:50:35.060 [info] <0.43.0> Application certifi started on node nonode@nohost
2020-03-10 14:50:35.063 [info] <0.43.0> Application ssl_verify_fun started on node nonode@nohost
2020-03-10 14:50:35.067 [info] <0.43.0> Application metrics started on node nonode@nohost
2020-03-10 14:50:35.082 [info] <0.43.0> Application hackney started on node nonode@nohost
2020-03-10 14:50:35.082 [info] <0.43.0> Application httpoison started on node nonode@nohost
2020-03-10 14:50:35.087 [info] <0.43.0> Application vector started on node nonode@nohost
2020-03-10 14:50:35.087 [info] <0.43.0> Application polyline started on node nonode@nohost
2020-03-10 14:50:35.099 [info] <0.43.0> Application xmerl started on node nonode@nohost
2020-03-10 14:50:35.126 [info] <0.43.0> Application sasl started on node nonode@nohost
2020-03-10 14:50:35.135 [info] <0.43.0> Application tools started on node nonode@nohost
2020-03-10 14:50:35.139 [info] <0.43.0> Application jsx started on node nonode@nohost
2020-03-10 14:50:35.151 [info] <0.43.0> Application ranch started on node nonode@nohost
2020-03-10 14:50:35.155 [info] <0.43.0> Application recon started on node nonode@nohost
2020-03-10 14:50:35.214 [info] <0.43.0> Application credentials_obfuscation started on node nonode@nohost
2020-03-10 14:50:35.214 [info] <0.43.0> Application rabbit_common started on node nonode@nohost
2020-03-10 14:50:35.224 [info] <0.43.0> Application amqp_client started on node nonode@nohost
2020-03-10 14:50:35.227 [info] <0.43.0> Application amqp started on node nonode@nohost
2020-03-10 14:50:40.493 [error] <0.324.0>@Elixir.MQ:publish:3 CRASH REPORT Process <0.324.0> with 0 neighbours exited with reason: no match of right hand value {error,econnrefused} in 'Elixir.MQ':publish/2 line 3 in application_master:init/4 line 138
2020-03-10 14:52:14.848 [info] <0.43.0> Application logger started on node nonode@nohost
2020-03-10 14:52:14.856 [info] <0.43.0> Application poison started on node nonode@nohost
2020-03-10 14:52:14.860 [info] <0.43.0> Application jaxon started on node nonode@nohost
2020-03-10 14:52:14.868 [info] <0.43.0> Application gen_stage started on node nonode@nohost
2020-03-10 14:52:14.868 [info] <0.43.0> Application flow started on node nonode@nohost
2020-03-10 14:52:14.874 [info] <0.43.0> Application math started on node nonode@nohost
2020-03-10 14:52:14.888 [info] <0.43.0> Application unicode_util_compat started on node nonode@nohost
2020-03-10 14:52:14.888 [info] <0.43.0> Application idna started on node nonode@nohost
2020-03-10 14:52:14.894 [info] <0.43.0> Application mimerl started on node nonode@nohost
2020-03-10 14:52:14.897 [info] <0.43.0> Application certifi started on node nonode@nohost
2020-03-10 14:52:14.901 [info] <0.43.0> Application ssl_verify_fun started on node nonode@nohost
2020-03-10 14:52:14.907 [info] <0.43.0> Application metrics started on node nonode@nohost
2020-03-10 14:52:14.928 [info] <0.43.0> Application hackney started on node nonode@nohost
2020-03-10 14:52:14.929 [info] <0.43.0> Application httpoison started on node nonode@nohost
2020-03-10 14:52:14.934 [info] <0.43.0> Application vector started on node nonode@nohost
2020-03-10 14:52:14.934 [info] <0.43.0> Application polyline started on node nonode@nohost
2020-03-10 14:52:14.950 [info] <0.43.0> Application xmerl started on node nonode@nohost
2020-03-10 14:52:15.006 [info] <0.43.0> Application sasl started on node nonode@nohost
2020-03-10 14:52:15.018 [info] <0.43.0> Application tools started on node nonode@nohost
2020-03-10 14:52:15.024 [info] <0.43.0> Application jsx started on node nonode@nohost
2020-03-10 14:52:15.036 [info] <0.43.0> Application ranch started on node nonode@nohost
2020-03-10 14:52:15.040 [info] <0.43.0> Application recon started on node nonode@nohost
2020-03-10 14:52:15.104 [info] <0.43.0> Application credentials_obfuscation started on node nonode@nohost
2020-03-10 14:52:15.104 [info] <0.43.0> Application rabbit_common started on node nonode@nohost
2020-03-10 14:52:15.120 [info] <0.43.0> Application amqp_client started on node nonode@nohost
2020-03-10 14:52:15.126 [info] <0.43.0> Application amqp started on node nonode@nohost
2020-03-10 14:52:20.639 [error] <0.324.0>@Elixir.MQ:publish:3 CRASH REPORT Process <0.324.0> with 0 neighbours exited with reason: no match of right hand value {error,{socket_closed_unexpectedly,'connection.start'}} in 'Elixir.MQ':publish/2 line 3 in application_master:init/4 line 138
2020-03-10 14:52:32.265 [info] <0.43.0> Application logger started on node nonode@nohost
2020-03-10 14:52:32.269 [info] <0.43.0> Application poison started on node nonode@nohost
2020-03-10 14:52:32.272 [info] <0.43.0> Application jaxon started on node nonode@nohost
2020-03-10 14:52:32.278 [info] <0.43.0> Application gen_stage started on node nonode@nohost
2020-03-10 14:52:32.278 [info] <0.43.0> Application flow started on node nonode@nohost
2020-03-10 14:52:32.280 [info] <0.43.0> Application math started on node nonode@nohost
2020-03-10 14:52:32.294 [info] <0.43.0> Application unicode_util_compat started on node nonode@nohost
2020-03-10 14:52:32.294 [info] <0.43.0> Application idna started on node nonode@nohost
2020-03-10 14:52:32.299 [info] <0.43.0> Application mimerl started on node nonode@nohost
2020-03-10 14:52:32.302 [info] <0.43.0> Application certifi started on node nonode@nohost
2020-03-10 14:52:32.306 [info] <0.43.0> Application ssl_verify_fun started on node nonode@nohost
2020-03-10 14:52:32.309 [info] <0.43.0> Application metrics started on node nonode@nohost
2020-03-10 14:52:32.329 [info] <0.43.0> Application hackney started on node nonode@nohost
2020-03-10 14:52:32.329 [info] <0.43.0> Application httpoison started on node nonode@nohost
2020-03-10 14:52:32.334 [info] <0.43.0> Application vector started on node nonode@nohost
2020-03-10 14:52:32.334 [info] <0.43.0> Application polyline started on node nonode@nohost
2020-03-10 14:52:32.346 [info] <0.43.0> Application xmerl started on node nonode@nohost
2020-03-10 14:52:32.395 [info] <0.43.0> Application sasl started on node nonode@nohost
2020-03-10 14:52:32.404 [info] <0.43.0> Application tools started on node nonode@nohost
2020-03-10 14:52:32.407 [info] <0.43.0> Application jsx started on node nonode@nohost
2020-03-10 14:52:32.418 [info] <0.43.0> Application ranch started on node nonode@nohost
2020-03-10 14:52:32.424 [info] <0.43.0> Application recon started on node nonode@nohost
2020-03-10 14:52:32.478 [info] <0.43.0> Application credentials_obfuscation started on node nonode@nohost
2020-03-10 14:52:32.478 [info] <0.43.0> Application rabbit_common started on node nonode@nohost
2020-03-10 14:52:32.489 [info] <0.43.0> Application amqp_client started on node nonode@nohost
2020-03-10 14:52:32.492 [info] <0.43.0> Application amqp started on node nonode@nohost
2020-03-10 15:03:50.638 [info] <0.43.0> Application logger started on node nonode@nohost
2020-03-10 15:03:50.641 [info] <0.43.0> Application poison started on node nonode@nohost
2020-03-10 15:03:50.646 [info] <0.43.0> Application jaxon started on node nonode@nohost
2020-03-10 15:03:50.653 [info] <0.43.0> Application gen_stage started on node nonode@nohost
2020-03-10 15:03:50.653 [info] <0.43.0> Application flow started on node nonode@nohost
2020-03-10 15:03:50.655 [info] <0.43.0> Application math started on node nonode@nohost
2020-03-10 15:03:50.670 [info] <0.43.0> Application unicode_util_compat started on node nonode@nohost
2020-03-10 15:03:50.670 [info] <0.43.0> Application idna started on node nonode@nohost
2020-03-10 15:03:50.674 [info] <0.43.0> Application mimerl started on node nonode@nohost
2020-03-10 15:03:50.680 [info] <0.43.0> Application certifi started on node nonode@nohost
2020-03-10 15:03:50.684 [info] <0.43.0> Application ssl_verify_fun started on node nonode@nohost
2020-03-10 15:03:50.689 [info] <0.43.0> Application metrics started on node nonode@nohost
2020-03-10 15:03:50.710 [info] <0.43.0> Application hackney started on node nonode@nohost
2020-03-10 15:03:50.710 [info] <0.43.0> Application httpoison started on node nonode@nohost
2020-03-10 15:03:50.716 [info] <0.43.0> Application vector started on node nonode@nohost
2020-03-10 15:03:50.716 [info] <0.43.0> Application polyline started on node nonode@nohost
2020-03-10 15:03:50.728 [info] <0.43.0> Application xmerl started on node nonode@nohost
2020-03-10 15:03:50.757 [info] <0.43.0> Application sasl started on node nonode@nohost
2020-03-10 15:03:50.772 [info] <0.43.0> Application tools started on node nonode@nohost
2020-03-10 15:03:50.775 [info] <0.43.0> Application jsx started on node nonode@nohost
2020-03-10 15:03:50.791 [info] <0.43.0> Application ranch started on node nonode@nohost
2020-03-10 15:03:50.795 [info] <0.43.0> Application recon started on node nonode@nohost
2020-03-10 15:03:50.855 [info] <0.43.0> Application credentials_obfuscation started on node nonode@nohost
2020-03-10 15:03:50.855 [info] <0.43.0> Application rabbit_common started on node nonode@nohost
2020-03-10 15:03:50.868 [info] <0.43.0> Application amqp_client started on node nonode@nohost
2020-03-10 15:03:50.873 [info] <0.43.0> Application amqp started on node nonode@nohost
2020-03-10 15:03:56.255 [error] <0.381.0>@Elixir.MQ:publish:3 CRASH REPORT Process <0.381.0> with 0 neighbours exited with reason: no match of right hand value {error,econnrefused} in 'Elixir.MQ':publish/2 line 3 in application_master:init/4 line 138
2020-03-10 15:04:26.637 [info] <0.43.0> Application logger started on node nonode@nohost
2020-03-10 15:04:26.648 [info] <0.43.0> Application poison started on node nonode@nohost
2020-03-10 15:04:26.677 [info] <0.43.0> Application jaxon started on node nonode@nohost
2020-03-10 15:04:26.716 [info] <0.43.0> Application gen_stage started on node nonode@nohost
2020-03-10 15:04:26.717 [info] <0.43.0> Application flow started on node nonode@nohost
2020-03-10 15:04:26.720 [info] <0.43.0> Application math started on node nonode@nohost
2020-03-10 15:04:26.874 [info] <0.43.0> Application unicode_util_compat started on node nonode@nohost
2020-03-10 15:04:26.874 [info] <0.43.0> Application idna started on node nonode@nohost
2020-03-10 15:04:26.952 [info] <0.43.0> Application mimerl started on node nonode@nohost
2020-03-10 15:04:27.046 [info] <0.43.0> Application certifi started on node nonode@nohost
2020-03-10 15:04:27.074 [info] <0.43.0> Application ssl_verify_fun started on node nonode@nohost
2020-03-10 15:04:27.088 [info] <0.43.0> Application metrics started on node nonode@nohost
2020-03-10 15:04:27.596 [info] <0.43.0> Application hackney started on node nonode@nohost
2020-03-10 15:04:27.596 [info] <0.43.0> Application httpoison started on node nonode@nohost
2020-03-10 15:04:27.819 [info] <0.43.0> Application vector started on node nonode@nohost
2020-03-10 15:04:27.819 [info] <0.43.0> Application polyline started on node nonode@nohost
2020-03-10 15:04:27.912 [info] <0.43.0> Application xmerl started on node nonode@nohost
2020-03-10 15:04:28.016 [info] <0.43.0> Application sasl started on node nonode@nohost
2020-03-10 15:04:28.047 [info] <0.43.0> Application tools started on node nonode@nohost
2020-03-10 15:04:28.055 [info] <0.43.0> Application jsx started on node nonode@nohost
2020-03-10 15:04:28.173 [info] <0.43.0> Application ranch started on node nonode@nohost
2020-03-10 15:04:28.188 [info] <0.43.0> Application recon started on node nonode@nohost
2020-03-10 15:04:28.318 [info] <0.43.0> Application credentials_obfuscation started on node nonode@nohost
2020-03-10 15:04:28.318 [info] <0.43.0> Application rabbit_common started on node nonode@nohost
2020-03-10 15:04:28.343 [info] <0.43.0> Application amqp_client started on node nonode@nohost
2020-03-10 15:04:28.349 [info] <0.43.0> Application amqp started on node nonode@nohost
2020-03-10 15:04:35.862 [error] <0.324.0>@Elixir.MQ:publish:3 CRASH REPORT Process <0.324.0> with 0 neighbours exited with reason: no match of right hand value {error,{socket_closed_unexpectedly,'connection.start'}} in 'Elixir.MQ':publish/2 line 3 in application_master:init/4 line 138
2020-03-10 15:04:52.997 [info] <0.43.0> Application logger started on node nonode@nohost
2020-03-10 15:04:53.004 [info] <0.43.0> Application poison started on node nonode@nohost
2020-03-10 15:04:53.010 [info] <0.43.0> Application jaxon started on node nonode@nohost
2020-03-10 15:04:53.018 [info] <0.43.0> Application gen_stage started on node nonode@nohost
2020-03-10 15:04:53.019 [info] <0.43.0> Application flow started on node nonode@nohost
2020-03-10 15:04:53.021 [info] <0.43.0> Application math started on node nonode@nohost
2020-03-10 15:04:53.048 [info] <0.43.0> Application unicode_util_compat started on node nonode@nohost
2020-03-10 15:04:53.048 [info] <0.43.0> Application idna started on node nonode@nohost
2020-03-10 15:04:53.055 [info] <0.43.0> Application mimerl started on node nonode@nohost
2020-03-10 15:04:53.060 [info] <0.43.0> Application certifi started on node nonode@nohost
2020-03-10 15:04:53.070 [info] <0.43.0> Application ssl_verify_fun started on node nonode@nohost
2020-03-10 15:04:53.080 [info] <0.43.0> Application metrics started on node nonode@nohost
2020-03-10 15:04:53.122 [info] <0.43.0> Application hackney started on node nonode@nohost
2020-03-10 15:04:53.122 [info] <0.43.0> Application httpoison started on node nonode@nohost
2020-03-10 15:04:53.128 [info] <0.43.0> Application vector started on node nonode@nohost
2020-03-10 15:04:53.128 [info] <0.43.0> Application polyline started on node nonode@nohost
2020-03-10 15:04:53.140 [info] <0.43.0> Application xmerl started on node nonode@nohost
2020-03-10 15:04:53.171 [info] <0.43.0> Application sasl started on node nonode@nohost
2020-03-10 15:04:53.181 [info] <0.43.0> Application tools started on node nonode@nohost
2020-03-10 15:04:53.187 [info] <0.43.0> Application jsx started on node nonode@nohost
2020-03-10 15:04:53.201 [info] <0.43.0> Application ranch started on node nonode@nohost
2020-03-10 15:04:53.207 [info] <0.43.0> Application recon started on node nonode@nohost
2020-03-10 15:04:53.275 [info] <0.43.0> Application credentials_obfuscation started on node nonode@nohost
2020-03-10 15:04:53.275 [info] <0.43.0> Application rabbit_common started on node nonode@nohost
2020-03-10 15:04:53.302 [info] <0.43.0> Application amqp_client started on node nonode@nohost
2020-03-10 15:04:53.307 [info] <0.43.0> Application amqp started on node nonode@nohost
